生成启动时间为 2017/11/28 13:27:41。
     1>项目“E:\shyloo\src\sllib\python\PCbuild\_elementtree.vcxproj”在节点 2 上(Build 个目标)。
     1>ClCompile:
         C:\Program Files (x86)\Microsoft Visual Studio 12.0\VC\bin\x86_amd64\CL.exe /c /I..\Modules\expat /I..\Include /I..\PC /Zi /nologo /W3 /WX- /Od /D _CRT_SECURE_NO_WARNINGS /D USE_PYEXPAT_CAPI /D XML_STATIC /D _WIN64 /D _M_X64 /D Py_BUILD_CORE_MODULE /D _WIN32 /D _DEBUG /D _WINDLL /GF /Gm- /MDd /GS- /Gy /fp:precise /Zc:wchar_t /Zc:forScope /Fo"E:\shyloo\src\sllib\python\PCbuild\x64-temp-Debug\_elementtree\\" /Fd"E:\shyloo\src\sllib\python\PCbuild\x64-temp-Debug\_elementtree\vc120.pdb" /Gd /TC /errorReport:prompt ..\Modules\_elementtree.c ..\Modules\expat\xmlparse.c ..\Modules\expat\xmlrole.c ..\Modules\expat\xmltok.c
         _elementtree.c
     1>..\Modules\_elementtree.c(481): warning C4244: “=”: 从“Py_ssize_t”转换到“int”，可能丢失数据
         xmlparse.c
     1>e:\shyloo\src\sllib\python\modules\expat\siphash.h(201): warning C4244: “初始化”: 从“__int64”转换到“char”，可能丢失数据
     1>e:\shyloo\src\sllib\python\modules\expat\siphash.h(316): warning C4267: “=”: 从“size_t”转换到“unsigned char”，可能丢失数据
         xmlrole.c
         xmltok.c
         正在生成代码...
       Link:
         C:\Program Files (x86)\Microsoft Visual Studio 12.0\VC\bin\x86_amd64\link.exe /ERRORREPORT:PROMPT /OUT:"E:\shyloo\src\sllib\python\PCbuild\amd64\_elementtree_d.pyd" /INCREMENTAL:NO /NOLOGO /LIBPATH:E:\shyloo\src\sllib\python\PCbuild\amd64\ kernel32.lib user32.lib gdi32.lib winspool.lib comdlg32.lib advapi32.lib shell32.lib ole32.lib oleaut32.lib uuid.lib odbc32.lib odbccp32.lib /MANIFEST:NO /DEBUG /PDB:"E:\shyloo\src\sllib\python\PCbuild\amd64\_elementtree_d.pdb" /SUBSYSTEM:WINDOWS /TLBID:1 /BASE:"0x1D100000" /DYNAMICBASE /NXCOMPAT /IMPLIB:"E:\shyloo\src\sllib\python\PCbuild\amd64\_elementtree_d.lib" /MACHINE:X64 /DLL "E:\shyloo\src\sllib\python\PCbuild\x64-temp-Debug\_elementtree\_elementtree.obj"
         "E:\shyloo\src\sllib\python\PCbuild\x64-temp-Debug\_elementtree\xmlparse.obj"
         "E:\shyloo\src\sllib\python\PCbuild\x64-temp-Debug\_elementtree\xmlrole.obj"
         "E:\shyloo\src\sllib\python\PCbuild\x64-temp-Debug\_elementtree\xmltok.obj"
         E:\shyloo\src\sllib\python\PCbuild\amd64\python34_d.lib
            正在创建库 E:\shyloo\src\sllib\python\PCbuild\amd64\_elementtree_d.lib 和对象 E:\shyloo\src\sllib\python\PCbuild\amd64\_elementtree_d.exp
         _elementtree.vcxproj -> E:\shyloo\src\sllib\python\PCbuild\amd64\_elementtree_d.pyd
     1>已完成生成项目“E:\shyloo\src\sllib\python\PCbuild\_elementtree.vcxproj”(Build 个目标)的操作。

生成成功。

已用时间 00:00:01.24
