[2015-12-15 01:41:05.692113][1156][info]LogFormat=155 LogFilter=63 (netconfig.cpp:158)
[2015-12-15 01:41:05.696260][1156][trace]init epoll ok, epoll = 3 (../sllib/net/slepoll.h:117)
[2015-12-15 01:41:05.699414][1156][info]Init NetShm Key = /tmp/enp.key (netctrl.cpp:66)
[2015-12-15 01:41:05.702745][1156][info]FtoK(/tmp/enp.key) key=0x2(2) (../sllib/ipc/slshm.h:189)
[2015-12-15 01:41:05.706219][1156][trace]create shm ok, id = 0 (../sllib/ipc/slshm.h:160)
[2015-12-15 01:41:05.709543][1156][info]create shmqueue's shm at 0xb715e000 ok, key=/tmp/enp.key size=3554432 (../sllib/slshm_queue.h:79)
[2015-12-15 01:41:05.712840][1156][info]m_pstRecvQueue need create (../sllib/slshm_queue.h:86)
[2015-12-15 01:41:05.716258][1156][info]m_pstSendQueue need create (../sllib/slshm_queue.h:99)
[2015-12-15 01:41:05.719915][1156][info]FtoK(/tmp/enpsvr.key) key=0x2(2) (../sllib/ipc/slshm.h:189)
[2015-12-15 01:41:05.723232][1156][trace]attach shm ok, id = 32769 (../sllib/ipc/slshm.h:156)
[2015-12-15 01:41:05.742793][1156][info]create buffer shm's shm at 0xb6dbc000 ok. key=/tmp/enpsvr.key size=3806496 clientsize=39648 recvbufsize=1883424 sendbufsize=1883424 (netctrl.cpp:85)
[2015-12-15 01:41:05.746929][1156][info]ENP init: initialing buffer (netctrl.cpp:91)
[2015-12-15 01:41:05.751348][1156][info]NET init: start listening (netctrl.cpp:104)
[2015-12-15 01:41:05.754994][1156][info]Listen:127.0.0.1 port:18911 (netctrl.cpp:109)
[2015-12-15 01:41:05.759075][1156][info]Listen:127.0.0.1 port:18912 (netctrl.cpp:109)
[2015-12-15 01:41:05.762493][1156][info]Listen:127.0.0.1 port:1843 (netctrl.cpp:109)
[2015-12-15 01:41:05.765849][1156][info]Listen:127.0.0.1 port:18913 (netctrl.cpp:109)
[2015-12-15 01:41:05.770315][1156][info]NET init ok (netctrl.cpp:122)
[2015-12-15 01:41:40.757462][1156][trace]recv listen event, event = 1 (netctrl.cpp:400)
[2015-12-15 01:41:40.763903][1156][trace]InfoListMove i(hashkey) 0 indexID 0 newListId 1 oldList(head 0, tail 109, size 110) newList(head -1, tail -1, size 0) (../sllib/slobject_mgr.h:293)
[2015-12-15 01:41:40.769117][1156][trace]Client 127.0.0.1:59388 connected port 18912 at sock 10 (netctrl.cpp:454)
[2015-12-15 01:41:40.773517][1156][trace]recv listen event, event = 1 (netctrl.cpp:400)
[2015-12-15 01:41:40.778236][1156][trace]InfoListMove i(hashkey) 1 indexID 0 newListId 1 oldList(head 1, tail 109, size 109) newList(head 0, tail 0, size 1) (../sllib/slobject_mgr.h:293)
[2015-12-15 01:41:40.783858][1156][trace]Client 127.0.0.1:59389 connected port 18912 at sock 11 (netctrl.cpp:454)
[2015-12-15 01:41:40.788824][1156][trace]client socket 10 handle 0 event=1 (netctrl.cpp:462)
[2015-12-15 01:41:40.793835][1156][trace]InfoListMove i(hashkey) 0 indexID 0 newListId 1 oldList(head 0, tail 29, size 30) newList(head -1, tail -1, size 0) (../sllib/slobject_mgr.h:293)
[2015-12-15 01:41:40.799382][1156][trace]recv len=12, ret=0 (netctrl.cpp:784)
[2015-12-15 01:41:40.804503][1156][trace]Has one message len=12 msglen=8, put to RecvQueue (netctrl.cpp:551)
[2015-12-15 01:41:40.808735][1156][trace]put one message to RecvQueue (netctrl.cpp:600)
[2015-12-15 01:41:40.813104][1156][trace]recvbuf len = 0, PutOneMessage over (netctrl.cpp:524)
[2015-12-15 01:41:40.817281][1156][trace]recv listen event, event = 1 (netctrl.cpp:400)
[2015-12-15 01:41:40.821756][1156][trace]InfoListMove i(hashkey) 2 indexID 0 newListId 1 oldList(head 2, tail 109, size 108) newList(head 0, tail 1, size 2) (../sllib/slobject_mgr.h:293)
[2015-12-15 01:41:40.827510][1156][trace]Client 127.0.0.1:59390 connected port 18912 at sock 12 (netctrl.cpp:454)
[2015-12-15 01:41:40.832928][1156][trace]client socket 11 handle 1 event=1 (netctrl.cpp:462)
[2015-12-15 01:41:40.837264][1156][trace]InfoListMove i(hashkey) 1 indexID 0 newListId 1 oldList(head 1, tail 0, size 30) newList(head -1, tail -1, size 0) (../sllib/slobject_mgr.h:293)
[2015-12-15 01:41:40.842857][1156][trace]recv len=12, ret=0 (netctrl.cpp:784)
[2015-12-15 01:41:40.847394][1156][trace]Has one message len=12 msglen=8, put to RecvQueue (netctrl.cpp:551)
[2015-12-15 01:41:40.852842][1156][trace]put one message to RecvQueue (netctrl.cpp:600)
[2015-12-15 01:41:40.856918][1156][trace]recvbuf len = 0, PutOneMessage over (netctrl.cpp:524)
[2015-12-15 01:41:40.860930][1156][trace]recv listen event, event = 1 (netctrl.cpp:400)
[2015-12-15 01:41:40.865917][1156][trace]InfoListMove i(hashkey) 3 indexID 0 newListId 1 oldList(head 3, tail 109, size 107) newList(head 0, tail 2, size 3) (../sllib/slobject_mgr.h:293)
[2015-12-15 01:41:40.871398][1156][trace]Client 127.0.0.1:59391 connected port 18912 at sock 13 (netctrl.cpp:454)
[2015-12-15 01:41:40.876459][1156][trace]client socket 12 handle 2 event=1 (netctrl.cpp:462)
[2015-12-15 01:41:40.881366][1156][trace]InfoListMove i(hashkey) 2 indexID 0 newListId 1 oldList(head 2, tail 1, size 30) newList(head -1, tail -1, size 0) (../sllib/slobject_mgr.h:293)
[2015-12-15 01:41:40.885797][1156][trace]recv len=12, ret=0 (netctrl.cpp:784)
[2015-12-15 01:41:40.889912][1156][trace]Has one message len=12 msglen=8, put to RecvQueue (netctrl.cpp:551)
[2015-12-15 01:41:40.894684][1156][trace]put one message to RecvQueue (netctrl.cpp:600)
[2015-12-15 01:41:40.899079][1156][trace]recvbuf len = 0, PutOneMessage over (netctrl.cpp:524)
[2015-12-15 01:41:40.904444][1156][trace]recv listen event, event = 1 (netctrl.cpp:400)
[2015-12-15 01:41:40.910047][1156][trace]InfoListMove i(hashkey) 4 indexID 0 newListId 1 oldList(head 4, tail 109, size 106) newList(head 0, tail 3, size 4) (../sllib/slobject_mgr.h:293)
[2015-12-15 01:41:40.914906][1156][trace]Client 127.0.0.1:59392 connected port 18912 at sock 14 (netctrl.cpp:454)
[2015-12-15 01:41:40.920292][1156][trace]client socket 13 handle 3 event=1 (netctrl.cpp:462)
[2015-12-15 01:41:40.924327][1156][trace]InfoListMove i(hashkey) 3 indexID 0 newListId 1 oldList(head 3, tail 2, size 30) newList(head -1, tail -1, size 0) (../sllib/slobject_mgr.h:293)
[2015-12-15 01:41:40.928247][1156][trace]recv len=12, ret=0 (netctrl.cpp:784)
[2015-12-15 01:41:40.934176][1156][trace]Has one message len=12 msglen=8, put to RecvQueue (netctrl.cpp:551)
[2015-12-15 01:41:40.938688][1156][trace]put one message to RecvQueue (netctrl.cpp:600)
[2015-12-15 01:41:40.943942][1156][trace]recvbuf len = 0, PutOneMessage over (netctrl.cpp:524)
[2015-12-15 01:41:40.950472][1156][trace]client socket 14 handle 4 event=1 (netctrl.cpp:462)
[2015-12-15 01:41:40.954714][1156][trace]InfoListMove i(hashkey) 4 indexID 0 newListId 1 oldList(head 4, tail 3, size 30) newList(head -1, tail -1, size 0) (../sllib/slobject_mgr.h:293)
[2015-12-15 01:41:40.959962][1156][trace]recv len=12, ret=0 (netctrl.cpp:784)
[2015-12-15 01:41:40.964882][1156][trace]Has one message len=12 msglen=8, put to RecvQueue (netctrl.cpp:551)
[2015-12-15 01:41:40.970225][1156][trace]put one message to RecvQueue (netctrl.cpp:600)
[2015-12-15 01:41:40.974720][1156][trace]recvbuf len = 0, PutOneMessage over (netctrl.cpp:524)
[2015-12-15 02:20:50.504477][1156][trace]recv listen event, event = 1 (netctrl.cpp:400)
[2015-12-15 02:20:50.509160][1156][trace]InfoListMove i(hashkey) 5 indexID 0 newListId 1 oldList(head 5, tail 109, size 105) newList(head 0, tail 4, size 5) (../sllib/slobject_mgr.h:293)
[2015-12-15 02:20:50.513669][1156][trace]Client 127.0.0.1:59393 connected port 18912 at sock 15 (netctrl.cpp:454)
[2015-12-15 02:20:50.523744][1156][trace]recv listen event, event = 1 (netctrl.cpp:400)
[2015-12-15 02:20:50.528268][1156][trace]InfoListMove i(hashkey) 6 indexID 0 newListId 1 oldList(head 6, tail 109, size 104) newList(head 0, tail 5, size 6) (../sllib/slobject_mgr.h:293)
[2015-12-15 02:20:50.533779][1156][trace]Client 127.0.0.1:59394 connected port 18912 at sock 16 (netctrl.cpp:454)
[2015-12-15 02:20:50.538229][1156][trace]client socket 15 handle 5 event=1 (netctrl.cpp:462)
[2015-12-15 02:20:50.543181][1156][trace]InfoListMove i(hashkey) 5 indexID 0 newListId 1 oldList(head 5, tail 4, size 30) newList(head -1, tail -1, size 0) (../sllib/slobject_mgr.h:293)
[2015-12-15 02:20:50.547665][1156][trace]recv len=12, ret=0 (netctrl.cpp:784)
[2015-12-15 02:20:50.553345][1156][trace]Has one message len=12 msglen=8, put to RecvQueue (netctrl.cpp:551)
[2015-12-15 02:20:50.557695][1156][trace]put one message to RecvQueue (netctrl.cpp:600)
[2015-12-15 02:20:50.562759][1156][trace]recvbuf len = 0, PutOneMessage over (netctrl.cpp:524)
[2015-12-15 02:20:50.567730][1156][trace]recv listen event, event = 1 (netctrl.cpp:400)
[2015-12-15 02:20:50.572607][1156][trace]InfoListMove i(hashkey) 7 indexID 0 newListId 1 oldList(head 7, tail 109, size 103) newList(head 0, tail 6, size 7) (../sllib/slobject_mgr.h:293)
[2015-12-15 02:20:50.577888][1156][trace]Client 127.0.0.1:59395 connected port 18912 at sock 17 (netctrl.cpp:454)
[2015-12-15 02:20:50.582196][1156][trace]client socket 16 handle 6 event=1 (netctrl.cpp:462)
[2015-12-15 02:20:50.587134][1156][trace]InfoListMove i(hashkey) 6 indexID 0 newListId 1 oldList(head 6, tail 5, size 30) newList(head -1, tail -1, size 0) (../sllib/slobject_mgr.h:293)
[2015-12-15 02:20:50.592541][1156][trace]recv len=12, ret=0 (netctrl.cpp:784)
[2015-12-15 02:20:50.598340][1156][trace]Has one message len=12 msglen=8, put to RecvQueue (netctrl.cpp:551)
[2015-12-15 02:20:50.603251][1156][trace]put one message to RecvQueue (netctrl.cpp:600)
[2015-12-15 02:20:50.608226][1156][trace]recvbuf len = 0, PutOneMessage over (netctrl.cpp:524)
[2015-12-15 02:20:50.613319][1156][trace]recv listen event, event = 1 (netctrl.cpp:400)
[2015-12-15 02:20:50.618591][1156][trace]InfoListMove i(hashkey) 8 indexID 0 newListId 1 oldList(head 8, tail 109, size 102) newList(head 0, tail 7, size 8) (../sllib/slobject_mgr.h:293)
[2015-12-15 02:20:50.623040][1156][trace]Client 127.0.0.1:59396 connected port 18912 at sock 18 (netctrl.cpp:454)
[2015-12-15 02:20:50.627537][1156][trace]client socket 17 handle 7 event=1 (netctrl.cpp:462)
[2015-12-15 02:20:50.632223][1156][trace]InfoListMove i(hashkey) 7 indexID 0 newListId 1 oldList(head 7, tail 6, size 30) newList(head -1, tail -1, size 0) (../sllib/slobject_mgr.h:293)
[2015-12-15 02:20:50.637779][1156][trace]recv len=12, ret=0 (netctrl.cpp:784)
[2015-12-15 02:20:50.642306][1156][trace]Has one message len=12 msglen=8, put to RecvQueue (netctrl.cpp:551)
[2015-12-15 02:20:50.647249][1156][trace]put one message to RecvQueue (netctrl.cpp:600)
[2015-12-15 02:20:50.652114][1156][trace]recvbuf len = 0, PutOneMessage over (netctrl.cpp:524)
[2015-12-15 02:20:50.657658][1156][trace]recv listen event, event = 1 (netctrl.cpp:400)
[2015-12-15 02:20:50.663450][1156][trace]InfoListMove i(hashkey) 9 indexID 0 newListId 1 oldList(head 9, tail 109, size 101) newList(head 0, tail 8, size 9) (../sllib/slobject_mgr.h:293)
[2015-12-15 02:20:50.668259][1156][trace]Client 127.0.0.1:59397 connected port 18912 at sock 19 (netctrl.cpp:454)
[2015-12-15 02:20:50.673357][1156][trace]client socket 18 handle 8 event=1 (netctrl.cpp:462)
[2015-12-15 02:20:50.677700][1156][trace]InfoListMove i(hashkey) 8 indexID 0 newListId 1 oldList(head 8, tail 7, size 30) newList(head -1, tail -1, size 0) (../sllib/slobject_mgr.h:293)
[2015-12-15 02:20:50.682512][1156][trace]recv len=12, ret=0 (netctrl.cpp:784)
[2015-12-15 02:20:50.687433][1156][trace]Has one message len=12 msglen=8, put to RecvQueue (netctrl.cpp:551)
[2015-12-15 02:20:50.691380][1156][trace]put one message to RecvQueue (netctrl.cpp:600)
[2015-12-15 02:20:50.702190][1156][trace]recvbuf len = 0, PutOneMessage over (netctrl.cpp:524)
[2015-12-15 02:20:50.705060][1156][trace]client socket 19 handle 9 event=1 (netctrl.cpp:462)
[2015-12-15 02:20:50.718758][1156][trace]InfoListMove i(hashkey) 9 indexID 0 newListId 1 oldList(head 9, tail 8, size 30) newList(head -1, tail -1, size 0) (../sllib/slobject_mgr.h:293)
[2015-12-15 02:20:50.723350][1156][trace]recv len=12, ret=0 (netctrl.cpp:784)
[2015-12-15 02:20:50.727671][1156][trace]Has one message len=12 msglen=8, put to RecvQueue (netctrl.cpp:551)
[2015-12-15 02:20:50.732246][1156][trace]put one message to RecvQueue (netctrl.cpp:600)
[2015-12-15 02:20:50.738296][1156][trace]recvbuf len = 0, PutOneMessage over (netctrl.cpp:524)
