[2015-12-14 17:55:51.845797][1732][error]packet length(201326592) > recv buffer size(62768) (netctrl.cpp:664)
[2015-12-14 17:55:51.890702][1732][error]packet length(201326592) > recv buffer size(62768) (netctrl.cpp:664)
[2015-12-14 17:55:51.932053][1732][error]packet length(201326592) > recv buffer size(62768) (netctrl.cpp:664)
[2015-12-14 17:55:51.972603][1732][error]packet length(201326592) > recv buffer size(62768) (netctrl.cpp:664)
[2015-12-14 17:55:52.004807][1732][error]packet length(201326592) > recv buffer size(62768) (netctrl.cpp:664)
[2015-12-14 17:59:08.677790][1732][error]In Put len = 84, size_ = 4 (../sllib/slcode_queue.h:175)
[2015-12-14 17:59:08.685343][1732][error]PutOneMessage call m_stShmQueue. PutOneCode fail, len1 76 len2 8 return -1 (netctrl.cpp:609)
[2015-12-14 17:59:08.694595][1732][error]PutOneMessage failed -3 (netctrl.cpp:556)
[2015-12-14 18:02:34.137831][1732][error]In Put len = 84, size_ = 4 (../sllib/slcode_queue.h:175)
[2015-12-14 18:02:34.145163][1732][error]PutOneMessage call m_stShmQueue. PutOneCode fail, len1 76 len2 8 return -1 (netctrl.cpp:609)
[2015-12-14 18:02:34.152379][1732][error]PutOneMessage failed -3 (netctrl.cpp:556)
[2015-12-14 18:02:34.161286][1732][error]netctrl 915 set live flag ENF_NET_FLAG_REMOTECLOSE 2 (netctrl.cpp:791)
[2015-12-14 18:02:34.192750][1732][error]netctrl 915 set live flag ENF_NET_FLAG_REMOTECLOSE 2 (netctrl.cpp:791)
[2015-12-14 18:02:34.224410][1732][error]netctrl 915 set live flag ENF_NET_FLAG_REMOTECLOSE 2 (netctrl.cpp:791)
[2015-12-14 18:02:34.254197][1732][error]netctrl 915 set live flag ENF_NET_FLAG_REMOTECLOSE 2 (netctrl.cpp:791)
[2015-12-14 18:02:34.283915][1732][error]netctrl 915 set live flag ENF_NET_FLAG_REMOTECLOSE 2 (netctrl.cpp:791)
[2015-12-14 18:02:48.825182][1732][error]In Put len = 84, size_ = 9 (../sllib/slcode_queue.h:175)
[2015-12-14 18:02:48.834650][1732][error]PutOneMessage call m_stShmQueue. PutOneCode fail, len1 76 len2 8 return -1 (netctrl.cpp:609)
[2015-12-14 18:02:48.843915][1732][error]PutOneMessage failed -3 (netctrl.cpp:556)
[2015-12-14 18:02:48.888678][1732][error]In Put len = 84, size_ = 9 (../sllib/slcode_queue.h:175)
[2015-12-14 18:02:48.897908][1732][error]PutOneMessage call m_stShmQueue. PutOneCode fail, len1 76 len2 8 return -1 (netctrl.cpp:609)
[2015-12-14 18:02:48.907030][1732][error]PutOneMessage failed -3 (netctrl.cpp:556)
[2015-12-14 18:02:48.957227][1732][error]In Put len = 84, size_ = 9 (../sllib/slcode_queue.h:175)
[2015-12-14 18:02:48.971248][1732][error]PutOneMessage call m_stShmQueue. PutOneCode fail, len1 76 len2 8 return -1 (netctrl.cpp:609)
[2015-12-14 18:02:48.981799][1732][error]PutOneMessage failed -3 (netctrl.cpp:556)
[2015-12-14 18:02:49.036639][1732][error]In Put len = 84, size_ = 9 (../sllib/slcode_queue.h:175)
[2015-12-14 18:02:49.046594][1732][error]PutOneMessage call m_stShmQueue. PutOneCode fail, len1 76 len2 8 return -1 (netctrl.cpp:609)
[2015-12-14 18:02:49.055026][1732][error]PutOneMessage failed -3 (netctrl.cpp:556)
[2015-12-14 18:02:49.088140][1732][error]In Put len = 84, size_ = 9 (../sllib/slcode_queue.h:175)
[2015-12-14 18:02:49.099407][1732][error]PutOneMessage call m_stShmQueue. PutOneCode fail, len1 76 len2 8 return -1 (netctrl.cpp:609)
[2015-12-14 18:02:49.108256][1732][error]PutOneMessage failed -3 (netctrl.cpp:556)
