[2018-06-28 20:22:39][26115][trace]initializing name Harbor. (/root/mf/shyloo/src/kernel/logic/sllogic_engine.cpp:73)
[2018-06-28 20:22:39][26115][trace]initializing name Cluster. (/root/mf/shyloo/src/kernel/logic/sllogic_engine.cpp:73)
[2018-06-28 20:22:39][26115][trace]initializing name CapacitySubscriber. (/root/mf/shyloo/src/kernel/logic/sllogic_engine.cpp:73)
[2018-06-28 20:22:39][26115][trace]initializing name CapacityPublisher. (/root/mf/shyloo/src/kernel/logic/sllogic_engine.cpp:73)
[2018-06-28 20:22:39][26115][trace]initializing name ServerState. (/root/mf/shyloo/src/kernel/logic/sllogic_engine.cpp:73)
[2018-06-28 20:22:39][26115][trace]initializing name ShutDown. (/root/mf/shyloo/src/kernel/logic/sllogic_engine.cpp:73)
[2018-06-28 20:22:39][26115][trace]initializing name Monitor. (/root/mf/shyloo/src/kernel/logic/sllogic_engine.cpp:73)
[2018-06-28 20:22:39][26115][trace]initializing name EventEngine. (/root/mf/shyloo/src/kernel/logic/sllogic_engine.cpp:73)
[2018-06-28 20:22:39][26115][trace]initializing name IdMgr. (/root/mf/shyloo/src/kernel/logic/sllogic_engine.cpp:73)
[2018-06-28 20:22:39][26115][trace]initializing name ObjectMgr. (/root/mf/shyloo/src/kernel/logic/sllogic_engine.cpp:73)
[2018-06-28 20:22:39][26115][trace]initializing name GlobalDataClient. (/root/mf/shyloo/src/kernel/logic/sllogic_engine.cpp:73)
[2018-06-28 20:22:39][26115][trace]initializing name GlobalDataServer. (/root/mf/shyloo/src/kernel/logic/sllogic_engine.cpp:73)
[2018-06-28 20:22:39][26115][trace]initializing name Account. (/root/mf/shyloo/src/kernel/logic/sllogic_engine.cpp:73)
[2018-06-28 20:22:39][26115][trace]initializing name DBMgr. (/root/mf/shyloo/src/kernel/logic/sllogic_engine.cpp:73)
[2018-06-28 20:22:39][26115][trace]initializing name CellApp. (/root/mf/shyloo/src/kernel/logic/sllogic_engine.cpp:73)
[2018-06-28 20:22:39][26115][trace]initializing name BaseApp. (/root/mf/shyloo/src/kernel/logic/sllogic_engine.cpp:73)
[2018-06-28 20:22:39][26115][trace]launching name Harbor. (/root/mf/shyloo/src/kernel/logic/sllogic_engine.cpp:86)
[2018-06-28 20:22:39][26115][trace]launching name Cluster. (/root/mf/shyloo/src/kernel/logic/sllogic_engine.cpp:86)
[2018-06-28 20:22:39][26115][trace]launching name CapacitySubscriber. (/root/mf/shyloo/src/kernel/logic/sllogic_engine.cpp:86)
[2018-06-28 20:22:39][26115][trace]launching name CapacityPublisher. (/root/mf/shyloo/src/kernel/logic/sllogic_engine.cpp:86)
[2018-06-28 20:22:39][26115][trace]launching name ServerState. (/root/mf/shyloo/src/kernel/logic/sllogic_engine.cpp:86)
[2018-06-28 20:22:39][26115][trace]launching name ShutDown. (/root/mf/shyloo/src/kernel/logic/sllogic_engine.cpp:86)
[2018-06-28 20:22:39][26115][trace]launching name Monitor. (/root/mf/shyloo/src/kernel/logic/sllogic_engine.cpp:86)
[2018-06-28 20:22:39][26115][trace]launching name EventEngine. (/root/mf/shyloo/src/kernel/logic/sllogic_engine.cpp:86)
[2018-06-28 20:22:39][26115][trace]launching name IdMgr. (/root/mf/shyloo/src/kernel/logic/sllogic_engine.cpp:86)
[2018-06-28 20:22:39][26115][trace]launching name ObjectMgr. (/root/mf/shyloo/src/kernel/logic/sllogic_engine.cpp:86)
[2018-06-28 20:22:39][26115][trace]launching name GlobalDataClient. (/root/mf/shyloo/src/kernel/logic/sllogic_engine.cpp:86)
[2018-06-28 20:22:39][26115][trace]launching name GlobalDataServer. (/root/mf/shyloo/src/kernel/logic/sllogic_engine.cpp:86)
[2018-06-28 20:22:39][26115][trace]launching name Account. (/root/mf/shyloo/src/kernel/logic/sllogic_engine.cpp:86)
[2018-06-28 20:22:39][26115][trace]launching name DBMgr. (/root/mf/shyloo/src/kernel/logic/sllogic_engine.cpp:86)
[2018-06-28 20:22:39][26115][trace]launching name CellApp. (/root/mf/shyloo/src/kernel/logic/sllogic_engine.cpp:86)
[2018-06-28 20:22:39][26115][trace]launching name BaseApp. (/root/mf/shyloo/src/kernel/logic/sllogic_engine.cpp:86)
[2018-06-28 20:22:47][26115][trace]start tcp server[0.0.0.0:7241] success (/root/mf/shyloo/src/logic/harbor/Harbor.cpp:210)
[2018-06-28 20:22:47][26115][trace]connect [127.0.0.1:7700] success! (/root/mf/shyloo/src/logic/harbor/Harbor.cpp:192)
[2018-06-28 20:22:47][26115][trace]node[master:1] from[127.0.0.1:7700] opened (/root/mf/shyloo/src/logic/harbor/Harbor.cpp:134)
[2018-06-28 20:22:47][26115][trace]connect [127.0.0.1:7243] success! (/root/mf/shyloo/src/logic/harbor/Harbor.cpp:192)
[2018-06-28 20:22:47][26115][trace]node [logic:1] adjust recv buff 4194304 (/root/mf/shyloo/src/logic/harbor/Harbor.cpp:127)
[2018-06-28 20:22:47][26115][trace]node[logic:1] from[127.0.0.1:7243] opened (/root/mf/shyloo/src/logic/harbor/Harbor.cpp:134)
[2018-06-28 20:22:47][26115][trace]connect [127.0.0.1:7242] success! (/root/mf/shyloo/src/logic/harbor/Harbor.cpp:192)
[2018-06-28 20:22:47][26115][trace]node[scene:1] from[127.0.0.1:7242] opened (/root/mf/shyloo/src/logic/harbor/Harbor.cpp:134)
