[2018-05-08 16:17:43][31963][trace]initializing name Harbor. (/root/mf/shyloo/src/kernel/logic/sllogic_engine.cpp:73)
[2018-05-08 16:17:43][31963][trace]initializing name Cluster. (/root/mf/shyloo/src/kernel/logic/sllogic_engine.cpp:73)
[2018-05-08 16:17:43][31963][trace]initializing name CapacitySubscriber. (/root/mf/shyloo/src/kernel/logic/sllogic_engine.cpp:73)
[2018-05-08 16:17:43][31963][trace]initializing name CapacityPublisher. (/root/mf/shyloo/src/kernel/logic/sllogic_engine.cpp:73)
[2018-05-08 16:17:43][31963][trace]initializing name ServerState. (/root/mf/shyloo/src/kernel/logic/sllogic_engine.cpp:73)
[2018-05-08 16:17:43][31963][trace]initializing name ShutDown. (/root/mf/shyloo/src/kernel/logic/sllogic_engine.cpp:73)
[2018-05-08 16:17:43][31963][trace]initializing name Monitor. (/root/mf/shyloo/src/kernel/logic/sllogic_engine.cpp:73)
[2018-05-08 16:17:43][31963][trace]initializing name EventEngine. (/root/mf/shyloo/src/kernel/logic/sllogic_engine.cpp:73)
[2018-05-08 16:17:43][31963][trace]initializing name ObjectMgr. (/root/mf/shyloo/src/kernel/logic/sllogic_engine.cpp:73)
[2018-05-08 16:17:43][31963][trace]initializing name Agent. (/root/mf/shyloo/src/kernel/logic/sllogic_engine.cpp:73)
[2018-05-08 16:17:43][31963][trace]initializing name ResMgr. (/root/mf/shyloo/src/kernel/logic/sllogic_engine.cpp:73)
[2018-05-08 16:17:43][31963][trace]ResMgr::initialize:---- SL_ROOT:/root/mf/, SL_RES_PATH:/root/mf/shyloo/res/:/root/mf/server/:/root/mf/server/res/:/root/mf/server/res/server/ SL_BIN_PATH: (/root/mf/shyloo/src/logic/resmgr/ResMgr.cpp:19)
[2018-05-08 16:17:43][31963][trace]initializing name PythonEngine. (/root/mf/shyloo/src/kernel/logic/sllogic_engine.cpp:73)
[2018-05-08 16:17:43][31963][trace]initializing name ObjectDef. (/root/mf/shyloo/src/kernel/logic/sllogic_engine.cpp:73)
[2018-05-08 16:17:43][31963][trace]initializing name EntityMgr. (/root/mf/shyloo/src/kernel/logic/sllogic_engine.cpp:73)
[2018-05-08 16:17:43][31963][trace]initializing name Gate. (/root/mf/shyloo/src/kernel/logic/sllogic_engine.cpp:73)
[2018-05-08 16:17:43][31963][trace]initializing name IdMgr. (/root/mf/shyloo/src/kernel/logic/sllogic_engine.cpp:73)
[2018-05-08 16:17:43][31963][trace]initializing name DBMgr. (/root/mf/shyloo/src/kernel/logic/sllogic_engine.cpp:73)
[2018-05-08 16:17:43][31963][trace]initializing name CellApp. (/root/mf/shyloo/src/kernel/logic/sllogic_engine.cpp:73)
[2018-05-08 16:17:43][31963][trace]initializing name BaseApp. (/root/mf/shyloo/src/kernel/logic/sllogic_engine.cpp:73)
[2018-05-08 16:17:43][31963][trace]initializing name Redis. (/root/mf/shyloo/src/kernel/logic/sllogic_engine.cpp:73)
[2018-05-08 16:17:43][31963][trace]initializing name DataLand. (/root/mf/shyloo/src/kernel/logic/sllogic_engine.cpp:73)
[2018-05-08 16:17:43][31963][trace]initializing name CacheDB. (/root/mf/shyloo/src/kernel/logic/sllogic_engine.cpp:73)
[2018-05-08 16:17:43][31963][trace]initializing name MysqlMgr. (/root/mf/shyloo/src/kernel/logic/sllogic_engine.cpp:73)
[2018-05-08 16:17:43][31963][trace]initializing name DB. (/root/mf/shyloo/src/kernel/logic/sllogic_engine.cpp:73)
[2018-05-08 16:17:43][31963][trace]launching name Harbor. (/root/mf/shyloo/src/kernel/logic/sllogic_engine.cpp:86)
[2018-05-08 16:17:43][31963][trace]launching name Cluster. (/root/mf/shyloo/src/kernel/logic/sllogic_engine.cpp:86)
[2018-05-08 16:17:43][31963][trace]launching name CapacitySubscriber. (/root/mf/shyloo/src/kernel/logic/sllogic_engine.cpp:86)
[2018-05-08 16:17:43][31963][trace]launching name CapacityPublisher. (/root/mf/shyloo/src/kernel/logic/sllogic_engine.cpp:86)
[2018-05-08 16:17:43][31963][trace]launching name ServerState. (/root/mf/shyloo/src/kernel/logic/sllogic_engine.cpp:86)
[2018-05-08 16:17:43][31963][trace]launching name ShutDown. (/root/mf/shyloo/src/kernel/logic/sllogic_engine.cpp:86)
[2018-05-08 16:17:43][31963][trace]launching name Monitor. (/root/mf/shyloo/src/kernel/logic/sllogic_engine.cpp:86)
[2018-05-08 16:17:43][31963][trace]launching name EventEngine. (/root/mf/shyloo/src/kernel/logic/sllogic_engine.cpp:86)
[2018-05-08 16:17:43][31963][trace]launching name ObjectMgr. (/root/mf/shyloo/src/kernel/logic/sllogic_engine.cpp:86)
[2018-05-08 16:17:43][31963][trace]start agent server[0.0.0.0:7200] success (/root/mf/shyloo/src/logic/agent/Agent.cpp:41)
[2018-05-08 16:17:43][31963][trace]launching name Agent. (/root/mf/shyloo/src/kernel/logic/sllogic_engine.cpp:86)
[2018-05-08 16:17:43][31963][trace]launching name ResMgr. (/root/mf/shyloo/src/kernel/logic/sllogic_engine.cpp:86)
[2018-05-08 16:17:43][31963][trace]launching name PythonEngine. (/root/mf/shyloo/src/kernel/logic/sllogic_engine.cpp:86)
[2018-05-08 16:17:43][31963][trace]launching name ObjectDef. (/root/mf/shyloo/src/kernel/logic/sllogic_engine.cpp:86)
[2018-05-08 16:17:43][31963][trace]launching name EntityMgr. (/root/mf/shyloo/src/kernel/logic/sllogic_engine.cpp:86)
[2018-05-08 16:17:43][31963][trace]launching name Gate. (/root/mf/shyloo/src/kernel/logic/sllogic_engine.cpp:86)
[2018-05-08 16:17:43][31963][trace]launching name IdMgr. (/root/mf/shyloo/src/kernel/logic/sllogic_engine.cpp:86)
[2018-05-08 16:17:43][31963][trace]launching name DBMgr. (/root/mf/shyloo/src/kernel/logic/sllogic_engine.cpp:86)
[2018-05-08 16:17:43][31963][trace]launching name CellApp. (/root/mf/shyloo/src/kernel/logic/sllogic_engine.cpp:86)
[2018-05-08 16:17:43][31963][trace]launching name BaseApp. (/root/mf/shyloo/src/kernel/logic/sllogic_engine.cpp:86)
[2018-05-08 16:17:43][31963][trace]launching name Redis. (/root/mf/shyloo/src/kernel/logic/sllogic_engine.cpp:86)
[2018-05-08 16:17:43][31963][trace]launching name DataLand. (/root/mf/shyloo/src/kernel/logic/sllogic_engine.cpp:86)
[2018-05-08 16:17:43][31963][trace]launching name CacheDB. (/root/mf/shyloo/src/kernel/logic/sllogic_engine.cpp:86)
[2018-05-08 16:17:43][31963][trace]launching name MysqlMgr. (/root/mf/shyloo/src/kernel/logic/sllogic_engine.cpp:86)
[2018-05-08 16:17:43][31963][trace]launching name DB. (/root/mf/shyloo/src/kernel/logic/sllogic_engine.cpp:86)
[2018-05-08 16:17:51][31963][trace]start tcp server[0.0.0.0:7211] success (/root/mf/shyloo/src/logic/harbor/Harbor.cpp:210)
[2018-05-08 16:17:51][31963][error]connect [127.0.0.1:7700] failed! (/root/mf/shyloo/src/logic/harbor/Harbor.cpp:189)
[2018-05-08 16:17:53][31963][trace]reconnect [127.0.0.1:7700] ...! (/root/mf/shyloo/src/logic/harbor/NodeSession.cpp:78)
