[2018-06-08 10:18:07][6261][trace]initializing name Harbor. (/root/mf/shyloo/src/kernel/logic/sllogic_engine.cpp:73)
[2018-06-08 10:18:07][6261][trace]initializing name Master. (/root/mf/shyloo/src/kernel/logic/sllogic_engine.cpp:73)
[2018-06-08 10:18:07][6261][trace]initializing name Cluster. (/root/mf/shyloo/src/kernel/logic/sllogic_engine.cpp:73)
[2018-06-08 10:18:07][6261][trace]initializing name CapacitySubscriber. (/root/mf/shyloo/src/kernel/logic/sllogic_engine.cpp:73)
[2018-06-08 10:18:07][6261][trace]initializing name CapacityPublisher. (/root/mf/shyloo/src/kernel/logic/sllogic_engine.cpp:73)
[2018-06-08 10:18:07][6261][trace]initializing name ServerState. (/root/mf/shyloo/src/kernel/logic/sllogic_engine.cpp:73)
[2018-06-08 10:18:07][6261][trace]initializing name ShutDown. (/root/mf/shyloo/src/kernel/logic/sllogic_engine.cpp:73)
[2018-06-08 10:18:07][6261][trace]initializing name Monitor. (/root/mf/shyloo/src/kernel/logic/sllogic_engine.cpp:73)
[2018-06-08 10:18:07][6261][trace]initializing name EventEngine. (/root/mf/shyloo/src/kernel/logic/sllogic_engine.cpp:73)
[2018-06-08 10:18:07][6261][trace]initializing name Starter. (/root/mf/shyloo/src/kernel/logic/sllogic_engine.cpp:73)
[2018-06-08 10:18:07][6261][trace]initializing name IdMgr. (/root/mf/shyloo/src/kernel/logic/sllogic_engine.cpp:73)
[2018-06-08 10:18:07][6261][trace]initializing name Agent. (/root/mf/shyloo/src/kernel/logic/sllogic_engine.cpp:73)
[2018-06-08 10:18:07][6261][trace]initializing name StartNodeStrategy. (/root/mf/shyloo/src/kernel/logic/sllogic_engine.cpp:73)
[2018-06-08 10:18:07][6261][trace]launching name Harbor. (/root/mf/shyloo/src/kernel/logic/sllogic_engine.cpp:86)
[2018-06-08 10:18:07][6261][trace]launching name Master. (/root/mf/shyloo/src/kernel/logic/sllogic_engine.cpp:86)
[2018-06-08 10:18:07][6261][trace]launching name Cluster. (/root/mf/shyloo/src/kernel/logic/sllogic_engine.cpp:86)
[2018-06-08 10:18:07][6261][trace]launching name CapacitySubscriber. (/root/mf/shyloo/src/kernel/logic/sllogic_engine.cpp:86)
[2018-06-08 10:18:07][6261][trace]launching name CapacityPublisher. (/root/mf/shyloo/src/kernel/logic/sllogic_engine.cpp:86)
[2018-06-08 10:18:07][6261][trace]launching name ServerState. (/root/mf/shyloo/src/kernel/logic/sllogic_engine.cpp:86)
[2018-06-08 10:18:07][6261][trace]launching name ShutDown. (/root/mf/shyloo/src/kernel/logic/sllogic_engine.cpp:86)
[2018-06-08 10:18:07][6261][trace]launching name Monitor. (/root/mf/shyloo/src/kernel/logic/sllogic_engine.cpp:86)
[2018-06-08 10:18:07][6261][trace]launching name EventEngine. (/root/mf/shyloo/src/kernel/logic/sllogic_engine.cpp:86)
[2018-06-08 10:18:07][6261][trace]launching name Starter. (/root/mf/shyloo/src/kernel/logic/sllogic_engine.cpp:86)
[2018-06-08 10:18:07][6261][trace]launching name IdMgr. (/root/mf/shyloo/src/kernel/logic/sllogic_engine.cpp:86)
[2018-06-08 10:18:07][6261][trace]start agent server[0.0.0.0:12580] success (/root/mf/shyloo/src/logic/agent/Agent.cpp:41)
[2018-06-08 10:18:07][6261][trace]launching name Agent. (/root/mf/shyloo/src/kernel/logic/sllogic_engine.cpp:86)
[2018-06-08 10:18:07][6261][trace]launching name StartNodeStrategy. (/root/mf/shyloo/src/kernel/logic/sllogic_engine.cpp:86)
[2018-06-08 10:18:15][6261][trace]start tcp server[0.0.0.0:7700] failed (/root/mf/shyloo/src/logic/harbor/Harbor.cpp:213)
