[2018-06-06 17:46:16][25156][trace]initializing name Harbor. (/root/mf/shyloo/src/kernel/logic/sllogic_engine.cpp:73)
[2018-06-06 17:46:16][25156][trace]initializing name Master. (/root/mf/shyloo/src/kernel/logic/sllogic_engine.cpp:73)
[2018-06-06 17:46:16][25156][trace]initializing name Cluster. (/root/mf/shyloo/src/kernel/logic/sllogic_engine.cpp:73)
[2018-06-06 17:46:16][25156][trace]initializing name CapacitySubscriber. (/root/mf/shyloo/src/kernel/logic/sllogic_engine.cpp:73)
[2018-06-06 17:46:16][25156][trace]initializing name CapacityPublisher. (/root/mf/shyloo/src/kernel/logic/sllogic_engine.cpp:73)
[2018-06-06 17:46:16][25156][trace]initializing name ServerState. (/root/mf/shyloo/src/kernel/logic/sllogic_engine.cpp:73)
[2018-06-06 17:46:16][25156][trace]initializing name ShutDown. (/root/mf/shyloo/src/kernel/logic/sllogic_engine.cpp:73)
[2018-06-06 17:46:16][25156][trace]initializing name Monitor. (/root/mf/shyloo/src/kernel/logic/sllogic_engine.cpp:73)
[2018-06-06 17:46:16][25156][trace]initializing name EventEngine. (/root/mf/shyloo/src/kernel/logic/sllogic_engine.cpp:73)
[2018-06-06 17:46:16][25156][trace]initializing name Starter. (/root/mf/shyloo/src/kernel/logic/sllogic_engine.cpp:73)
[2018-06-06 17:46:16][25156][trace]initializing name IdMgr. (/root/mf/shyloo/src/kernel/logic/sllogic_engine.cpp:73)
[2018-06-06 17:46:16][25156][trace]initializing name Agent. (/root/mf/shyloo/src/kernel/logic/sllogic_engine.cpp:73)
[2018-06-06 17:46:16][25156][trace]initializing name StartNodeStrategy. (/root/mf/shyloo/src/kernel/logic/sllogic_engine.cpp:73)
[2018-06-06 17:46:16][25156][trace]launching name Harbor. (/root/mf/shyloo/src/kernel/logic/sllogic_engine.cpp:86)
[2018-06-06 17:46:16][25156][trace]launching name Master. (/root/mf/shyloo/src/kernel/logic/sllogic_engine.cpp:86)
[2018-06-06 17:46:16][25156][trace]launching name Cluster. (/root/mf/shyloo/src/kernel/logic/sllogic_engine.cpp:86)
[2018-06-06 17:46:16][25156][trace]launching name CapacitySubscriber. (/root/mf/shyloo/src/kernel/logic/sllogic_engine.cpp:86)
[2018-06-06 17:46:16][25156][trace]launching name CapacityPublisher. (/root/mf/shyloo/src/kernel/logic/sllogic_engine.cpp:86)
[2018-06-06 17:46:16][25156][trace]launching name ServerState. (/root/mf/shyloo/src/kernel/logic/sllogic_engine.cpp:86)
[2018-06-06 17:46:16][25156][trace]launching name ShutDown. (/root/mf/shyloo/src/kernel/logic/sllogic_engine.cpp:86)
[2018-06-06 17:46:16][25156][trace]launching name Monitor. (/root/mf/shyloo/src/kernel/logic/sllogic_engine.cpp:86)
[2018-06-06 17:46:16][25156][trace]launching name EventEngine. (/root/mf/shyloo/src/kernel/logic/sllogic_engine.cpp:86)
[2018-06-06 17:46:16][25156][trace]launching name Starter. (/root/mf/shyloo/src/kernel/logic/sllogic_engine.cpp:86)
[2018-06-06 17:46:16][25156][trace]launching name IdMgr. (/root/mf/shyloo/src/kernel/logic/sllogic_engine.cpp:86)
[2018-06-06 17:46:16][25156][trace]start agent server[0.0.0.0:12580] success (/root/mf/shyloo/src/logic/agent/Agent.cpp:41)
[2018-06-06 17:46:16][25156][trace]launching name Agent. (/root/mf/shyloo/src/kernel/logic/sllogic_engine.cpp:86)
[2018-06-06 17:46:16][25156][trace]launching name StartNodeStrategy. (/root/mf/shyloo/src/kernel/logic/sllogic_engine.cpp:86)
[2018-06-06 17:46:24][25156][trace]start tcp server[0.0.0.0:7700] success (/root/mf/shyloo/src/logic/harbor/Harbor.cpp:210)
[2018-06-06 17:46:28][25156][trace]node[slave:1] from[127.0.0.1:0] opened (/root/mf/shyloo/src/logic/harbor/Harbor.cpp:134)
[2018-06-06 17:46:36][25156][trace]start new Node 8 1 (/root/mf/shyloo/src/logic/starter/Starter.cpp:151)
[2018-06-06 17:46:36][25156][trace]start new Node 3 1 (/root/mf/shyloo/src/logic/starter/Starter.cpp:151)
[2018-06-06 17:46:36][25156][trace]start new Node 2 1 (/root/mf/shyloo/src/logic/starter/Starter.cpp:151)
[2018-06-06 17:46:44][25156][trace]node[db:1] from[127.0.0.1:7241] opened (/root/mf/shyloo/src/logic/harbor/Harbor.cpp:134)
[2018-06-06 17:46:44][25156][trace]node[scene:1] from[127.0.0.1:7242] opened (/root/mf/shyloo/src/logic/harbor/Harbor.cpp:134)
[2018-06-06 17:46:44][25156][trace]node[logic:1] from[127.0.0.1:7243] opened (/root/mf/shyloo/src/logic/harbor/Harbor.cpp:134)
