[2018-06-05 21:59:29][2048][trace]initializing name Harbor. (/root/mf/shyloo/src/kernel/logic/sllogic_engine.cpp:73)
[2018-06-05 21:59:29][2048][trace]initializing name Cluster. (/root/mf/shyloo/src/kernel/logic/sllogic_engine.cpp:73)
[2018-06-05 21:59:29][2048][trace]initializing name CapacitySubscriber. (/root/mf/shyloo/src/kernel/logic/sllogic_engine.cpp:73)
[2018-06-05 21:59:29][2048][trace]initializing name CapacityPublisher. (/root/mf/shyloo/src/kernel/logic/sllogic_engine.cpp:73)
[2018-06-05 21:59:29][2048][trace]initializing name ServerState. (/root/mf/shyloo/src/kernel/logic/sllogic_engine.cpp:73)
[2018-06-05 21:59:29][2048][trace]initializing name ShutDown. (/root/mf/shyloo/src/kernel/logic/sllogic_engine.cpp:73)
[2018-06-05 21:59:29][2048][trace]initializing name Monitor. (/root/mf/shyloo/src/kernel/logic/sllogic_engine.cpp:73)
[2018-06-05 21:59:29][2048][trace]initializing name ObjectMgr. (/root/mf/shyloo/src/kernel/logic/sllogic_engine.cpp:73)
[2018-06-05 21:59:29][2048][trace]initializing name EventEngine. (/root/mf/shyloo/src/kernel/logic/sllogic_engine.cpp:73)
[2018-06-05 21:59:29][2048][trace]initializing name IdMgr. (/root/mf/shyloo/src/kernel/logic/sllogic_engine.cpp:73)
[2018-06-05 21:59:29][2048][trace]initializing name DBMgr. (/root/mf/shyloo/src/kernel/logic/sllogic_engine.cpp:73)
[2018-06-05 21:59:29][2048][trace]initializing name CellApp. (/root/mf/shyloo/src/kernel/logic/sllogic_engine.cpp:73)
[2018-06-05 21:59:29][2048][trace]initializing name BaseApp. (/root/mf/shyloo/src/kernel/logic/sllogic_engine.cpp:73)
[2018-06-05 21:59:29][2048][trace]initializing name Scene. (/root/mf/shyloo/src/kernel/logic/sllogic_engine.cpp:73)
[2018-06-05 21:59:29][2048][trace]initializing name ObjectTimer. (/root/mf/shyloo/src/kernel/logic/sllogic_engine.cpp:73)
[2018-06-05 21:59:29][2048][trace]launching name Harbor. (/root/mf/shyloo/src/kernel/logic/sllogic_engine.cpp:86)
[2018-06-05 21:59:29][2048][trace]launching name Cluster. (/root/mf/shyloo/src/kernel/logic/sllogic_engine.cpp:86)
[2018-06-05 21:59:29][2048][trace]launching name CapacitySubscriber. (/root/mf/shyloo/src/kernel/logic/sllogic_engine.cpp:86)
[2018-06-05 21:59:29][2048][trace]launching name CapacityPublisher. (/root/mf/shyloo/src/kernel/logic/sllogic_engine.cpp:86)
[2018-06-05 21:59:29][2048][trace]launching name ServerState. (/root/mf/shyloo/src/kernel/logic/sllogic_engine.cpp:86)
[2018-06-05 21:59:29][2048][trace]launching name ShutDown. (/root/mf/shyloo/src/kernel/logic/sllogic_engine.cpp:86)
[2018-06-05 21:59:29][2048][trace]launching name Monitor. (/root/mf/shyloo/src/kernel/logic/sllogic_engine.cpp:86)
[2018-06-05 21:59:29][2048][trace]launching name ObjectMgr. (/root/mf/shyloo/src/kernel/logic/sllogic_engine.cpp:86)
[2018-06-05 21:59:29][2048][trace]launching name EventEngine. (/root/mf/shyloo/src/kernel/logic/sllogic_engine.cpp:86)
[2018-06-05 21:59:29][2048][trace]launching name IdMgr. (/root/mf/shyloo/src/kernel/logic/sllogic_engine.cpp:86)
[2018-06-05 21:59:29][2048][trace]launching name DBMgr. (/root/mf/shyloo/src/kernel/logic/sllogic_engine.cpp:86)
[2018-06-05 21:59:29][2048][trace]launching name CellApp. (/root/mf/shyloo/src/kernel/logic/sllogic_engine.cpp:86)
[2018-06-05 21:59:29][2048][trace]launching name BaseApp. (/root/mf/shyloo/src/kernel/logic/sllogic_engine.cpp:86)
[2018-06-05 21:59:29][2048][trace]launching name Scene. (/root/mf/shyloo/src/kernel/logic/sllogic_engine.cpp:86)
[2018-06-05 21:59:29][2048][trace]launching name ObjectTimer. (/root/mf/shyloo/src/kernel/logic/sllogic_engine.cpp:86)
[2018-06-05 21:59:37][2048][trace]start tcp server[0.0.0.0:7242] success (/root/mf/shyloo/src/logic/harbor/Harbor.cpp:210)
[2018-06-05 21:59:37][2048][trace]connect [127.0.0.1:7700] success! (/root/mf/shyloo/src/logic/harbor/Harbor.cpp:192)
[2018-06-05 21:59:37][2048][trace]node[master:1] from[127.0.0.1:7700] opened (/root/mf/shyloo/src/logic/harbor/Harbor.cpp:134)
[2018-06-05 21:59:37][2048][trace]node[db:1] from[127.0.0.1:7241] opened (/root/mf/shyloo/src/logic/harbor/Harbor.cpp:134)
[2018-06-05 21:59:37][2048][trace]connect [127.0.0.1:7243] success! (/root/mf/shyloo/src/logic/harbor/Harbor.cpp:192)
[2018-06-05 21:59:37][2048][trace]node[logic:1] from[127.0.0.1:7243] opened (/root/mf/shyloo/src/logic/harbor/Harbor.cpp:134)
