[2018-06-05 22:13:28][3117][trace]initializing name Harbor. (/root/mf/shyloo/src/kernel/logic/sllogic_engine.cpp:73)
[2018-06-05 22:13:28][3117][trace]initializing name Slave. (/root/mf/shyloo/src/kernel/logic/sllogic_engine.cpp:73)
[2018-06-05 22:13:28][3117][trace]initializing name Cluster. (/root/mf/shyloo/src/kernel/logic/sllogic_engine.cpp:73)
[2018-06-05 22:13:28][3117][trace]initializing name CapacitySubscriber. (/root/mf/shyloo/src/kernel/logic/sllogic_engine.cpp:73)
[2018-06-05 22:13:28][3117][trace]initializing name CapacityPublisher. (/root/mf/shyloo/src/kernel/logic/sllogic_engine.cpp:73)
[2018-06-05 22:13:28][3117][trace]initializing name ServerState. (/root/mf/shyloo/src/kernel/logic/sllogic_engine.cpp:73)
[2018-06-05 22:13:28][3117][trace]initializing name ShutDown. (/root/mf/shyloo/src/kernel/logic/sllogic_engine.cpp:73)
[2018-06-05 22:13:28][3117][trace]initializing name Monitor. (/root/mf/shyloo/src/kernel/logic/sllogic_engine.cpp:73)
[2018-06-05 22:13:28][3117][trace]initializing name EventEngine. (/root/mf/shyloo/src/kernel/logic/sllogic_engine.cpp:73)
[2018-06-05 22:13:28][3117][trace]launching name Harbor. (/root/mf/shyloo/src/kernel/logic/sllogic_engine.cpp:86)
[2018-06-05 22:13:28][3117][trace]launching name Slave. (/root/mf/shyloo/src/kernel/logic/sllogic_engine.cpp:86)
[2018-06-05 22:13:28][3117][trace]launching name Cluster. (/root/mf/shyloo/src/kernel/logic/sllogic_engine.cpp:86)
[2018-06-05 22:13:28][3117][trace]launching name CapacitySubscriber. (/root/mf/shyloo/src/kernel/logic/sllogic_engine.cpp:86)
[2018-06-05 22:13:28][3117][trace]launching name CapacityPublisher. (/root/mf/shyloo/src/kernel/logic/sllogic_engine.cpp:86)
[2018-06-05 22:13:28][3117][trace]launching name ServerState. (/root/mf/shyloo/src/kernel/logic/sllogic_engine.cpp:86)
[2018-06-05 22:13:28][3117][trace]launching name ShutDown. (/root/mf/shyloo/src/kernel/logic/sllogic_engine.cpp:86)
[2018-06-05 22:13:28][3117][trace]launching name Monitor. (/root/mf/shyloo/src/kernel/logic/sllogic_engine.cpp:86)
[2018-06-05 22:13:28][3117][trace]launching name EventEngine. (/root/mf/shyloo/src/kernel/logic/sllogic_engine.cpp:86)
[2018-06-05 22:13:36][3117][error]connect [127.0.0.1:7700] failed! (/root/mf/shyloo/src/logic/harbor/Harbor.cpp:189)
[2018-06-05 22:13:40][3117][trace]reconnect [127.0.0.1:7700] ...! (/root/mf/shyloo/src/logic/harbor/NodeSession.cpp:78)
[2018-06-05 22:13:40][3117][trace]node[master:1] from[127.0.0.1:7700] opened (/root/mf/shyloo/src/logic/harbor/Harbor.cpp:134)
[2018-06-05 22:13:48][3117][trace]open new Node [8:1] (/root/mf/shyloo/src/logic/slave/Slave.cpp:116)
[2018-06-05 22:13:48][3117][trace]open new Node [3:1] (/root/mf/shyloo/src/logic/slave/Slave.cpp:116)
[2018-06-05 22:13:48][3117][trace]open new Node [2:1] (/root/mf/shyloo/src/logic/slave/Slave.cpp:116)
[2018-06-05 22:13:52][3117][trace]process [ --name=scene --harbor=7242 --node_id=1] is lost, try restart (/root/mf/shyloo/src/logic/slave/Slave.cpp:39)
[2018-06-05 22:13:56][3117][trace]process [ --name=scene --harbor=7242 --node_id=1] is lost, try restart (/root/mf/shyloo/src/logic/slave/Slave.cpp:39)
[2018-06-05 22:14:00][3117][trace]process [ --name=scene --harbor=7242 --node_id=1] is lost, try restart (/root/mf/shyloo/src/logic/slave/Slave.cpp:39)
[2018-06-05 22:14:04][3117][trace]process [ --name=scene --harbor=7242 --node_id=1] is lost, try restart (/root/mf/shyloo/src/logic/slave/Slave.cpp:39)
[2018-06-05 22:14:04][3117][trace]process [ --name=logic --harbor=7243 --node_id=1 --agent=7200 ] is lost, try restart (/root/mf/shyloo/src/logic/slave/Slave.cpp:39)
