[2018-06-05 22:11:44][3044][trace]initializing name Harbor. (/root/mf/shyloo/src/kernel/logic/sllogic_engine.cpp:73)
[2018-06-05 22:11:44][3044][trace]initializing name Slave. (/root/mf/shyloo/src/kernel/logic/sllogic_engine.cpp:73)
[2018-06-05 22:11:44][3044][trace]initializing name Cluster. (/root/mf/shyloo/src/kernel/logic/sllogic_engine.cpp:73)
[2018-06-05 22:11:44][3044][trace]initializing name CapacitySubscriber. (/root/mf/shyloo/src/kernel/logic/sllogic_engine.cpp:73)
[2018-06-05 22:11:44][3044][trace]initializing name CapacityPublisher. (/root/mf/shyloo/src/kernel/logic/sllogic_engine.cpp:73)
[2018-06-05 22:11:44][3044][trace]initializing name ServerState. (/root/mf/shyloo/src/kernel/logic/sllogic_engine.cpp:73)
[2018-06-05 22:11:44][3044][trace]initializing name ShutDown. (/root/mf/shyloo/src/kernel/logic/sllogic_engine.cpp:73)
[2018-06-05 22:11:44][3044][trace]initializing name Monitor. (/root/mf/shyloo/src/kernel/logic/sllogic_engine.cpp:73)
[2018-06-05 22:11:44][3044][trace]initializing name EventEngine. (/root/mf/shyloo/src/kernel/logic/sllogic_engine.cpp:73)
[2018-06-05 22:11:44][3044][trace]launching name Harbor. (/root/mf/shyloo/src/kernel/logic/sllogic_engine.cpp:86)
[2018-06-05 22:11:44][3044][trace]launching name Slave. (/root/mf/shyloo/src/kernel/logic/sllogic_engine.cpp:86)
[2018-06-05 22:11:44][3044][trace]launching name Cluster. (/root/mf/shyloo/src/kernel/logic/sllogic_engine.cpp:86)
[2018-06-05 22:11:44][3044][trace]launching name CapacitySubscriber. (/root/mf/shyloo/src/kernel/logic/sllogic_engine.cpp:86)
[2018-06-05 22:11:44][3044][trace]launching name CapacityPublisher. (/root/mf/shyloo/src/kernel/logic/sllogic_engine.cpp:86)
[2018-06-05 22:11:44][3044][trace]launching name ServerState. (/root/mf/shyloo/src/kernel/logic/sllogic_engine.cpp:86)
[2018-06-05 22:11:44][3044][trace]launching name ShutDown. (/root/mf/shyloo/src/kernel/logic/sllogic_engine.cpp:86)
[2018-06-05 22:11:44][3044][trace]launching name Monitor. (/root/mf/shyloo/src/kernel/logic/sllogic_engine.cpp:86)
[2018-06-05 22:11:44][3044][trace]launching name EventEngine. (/root/mf/shyloo/src/kernel/logic/sllogic_engine.cpp:86)
[2018-06-05 22:11:52][3044][error]connect [127.0.0.1:7700] failed! (/root/mf/shyloo/src/logic/harbor/Harbor.cpp:189)
[2018-06-05 22:11:56][3044][trace]reconnect [127.0.0.1:7700] ...! (/root/mf/shyloo/src/logic/harbor/NodeSession.cpp:78)
[2018-06-05 22:11:56][3044][trace]node[master:1] from[127.0.0.1:7700] opened (/root/mf/shyloo/src/logic/harbor/Harbor.cpp:134)
[2018-06-05 22:12:04][3044][trace]open new Node [8:1] (/root/mf/shyloo/src/logic/slave/Slave.cpp:116)
[2018-06-05 22:12:04][3044][trace]open new Node [3:1] (/root/mf/shyloo/src/logic/slave/Slave.cpp:116)
[2018-06-05 22:12:04][3044][trace]open new Node [2:1] (/root/mf/shyloo/src/logic/slave/Slave.cpp:116)
[2018-06-05 22:12:08][3044][trace]process [ --name=scene --harbor=7242 --node_id=1] is lost, try restart (/root/mf/shyloo/src/logic/slave/Slave.cpp:39)
[2018-06-05 22:12:12][3044][trace]process [ --name=scene --harbor=7242 --node_id=1] is lost, try restart (/root/mf/shyloo/src/logic/slave/Slave.cpp:39)
