[2018-06-27 20:12:02][23722][trace]initializing name Harbor. (/root/mf/shyloo/src/kernel/logic/sllogic_engine.cpp:73)
[2018-06-27 20:12:02][23722][trace]initializing name Slave. (/root/mf/shyloo/src/kernel/logic/sllogic_engine.cpp:73)
[2018-06-27 20:12:02][23722][trace]initializing name Cluster. (/root/mf/shyloo/src/kernel/logic/sllogic_engine.cpp:73)
[2018-06-27 20:12:02][23722][trace]initializing name CapacitySubscriber. (/root/mf/shyloo/src/kernel/logic/sllogic_engine.cpp:73)
[2018-06-27 20:12:02][23722][trace]initializing name CapacityPublisher. (/root/mf/shyloo/src/kernel/logic/sllogic_engine.cpp:73)
[2018-06-27 20:12:02][23722][trace]initializing name ServerState. (/root/mf/shyloo/src/kernel/logic/sllogic_engine.cpp:73)
[2018-06-27 20:12:02][23722][trace]initializing name ShutDown. (/root/mf/shyloo/src/kernel/logic/sllogic_engine.cpp:73)
[2018-06-27 20:12:02][23722][trace]initializing name Monitor. (/root/mf/shyloo/src/kernel/logic/sllogic_engine.cpp:73)
[2018-06-27 20:12:02][23722][trace]initializing name EventEngine. (/root/mf/shyloo/src/kernel/logic/sllogic_engine.cpp:73)
[2018-06-27 20:12:02][23722][trace]launching name Harbor. (/root/mf/shyloo/src/kernel/logic/sllogic_engine.cpp:86)
[2018-06-27 20:12:02][23722][trace]launching name Slave. (/root/mf/shyloo/src/kernel/logic/sllogic_engine.cpp:86)
[2018-06-27 20:12:02][23722][trace]launching name Cluster. (/root/mf/shyloo/src/kernel/logic/sllogic_engine.cpp:86)
[2018-06-27 20:12:02][23722][trace]launching name CapacitySubscriber. (/root/mf/shyloo/src/kernel/logic/sllogic_engine.cpp:86)
[2018-06-27 20:12:02][23722][trace]launching name CapacityPublisher. (/root/mf/shyloo/src/kernel/logic/sllogic_engine.cpp:86)
[2018-06-27 20:12:02][23722][trace]launching name ServerState. (/root/mf/shyloo/src/kernel/logic/sllogic_engine.cpp:86)
[2018-06-27 20:12:02][23722][trace]launching name ShutDown. (/root/mf/shyloo/src/kernel/logic/sllogic_engine.cpp:86)
[2018-06-27 20:12:02][23722][trace]launching name Monitor. (/root/mf/shyloo/src/kernel/logic/sllogic_engine.cpp:86)
[2018-06-27 20:12:02][23722][trace]launching name EventEngine. (/root/mf/shyloo/src/kernel/logic/sllogic_engine.cpp:86)
[2018-06-27 20:12:10][23722][error]connect [127.0.0.1:7700] failed! (/root/mf/shyloo/src/logic/harbor/Harbor.cpp:189)
[2018-06-27 20:12:14][23722][trace]reconnect [127.0.0.1:7700] ...! (/root/mf/shyloo/src/logic/harbor/NodeSession.cpp:78)
[2018-06-27 20:12:14][23722][trace]node[master:1] from[127.0.0.1:7700] opened (/root/mf/shyloo/src/logic/harbor/Harbor.cpp:134)
[2018-06-27 20:12:22][23722][trace]open new Node [8:1] (/root/mf/shyloo/src/logic/slave/Slave.cpp:116)
[2018-06-27 20:12:22][23722][trace]open new Node [3:1] (/root/mf/shyloo/src/logic/slave/Slave.cpp:116)
[2018-06-27 20:12:22][23722][trace]open new Node [2:1] (/root/mf/shyloo/src/logic/slave/Slave.cpp:116)
[2018-06-27 20:12:26][23722][trace]process [ --name=db --harbor=7241 --node_id=1] is lost, try restart (/root/mf/shyloo/src/logic/slave/Slave.cpp:39)
[2018-06-27 20:12:30][23722][trace]process [ --name=db --harbor=7241 --node_id=1] is lost, try restart (/root/mf/shyloo/src/logic/slave/Slave.cpp:39)
[2018-06-27 20:12:34][23722][trace]process [ --name=db --harbor=7241 --node_id=1] is lost, try restart (/root/mf/shyloo/src/logic/slave/Slave.cpp:39)
