[2018-06-12 22:52:41][20961][trace]initializing name Harbor. (/root/mf/shyloo/src/kernel/logic/sllogic_engine.cpp:73)
[2018-06-12 22:52:41][20961][trace]initializing name Slave. (/root/mf/shyloo/src/kernel/logic/sllogic_engine.cpp:73)
[2018-06-12 22:52:41][20961][trace]initializing name Cluster. (/root/mf/shyloo/src/kernel/logic/sllogic_engine.cpp:73)
[2018-06-12 22:52:41][20961][trace]initializing name CapacitySubscriber. (/root/mf/shyloo/src/kernel/logic/sllogic_engine.cpp:73)
[2018-06-12 22:52:41][20961][trace]initializing name CapacityPublisher. (/root/mf/shyloo/src/kernel/logic/sllogic_engine.cpp:73)
[2018-06-12 22:52:41][20961][trace]initializing name ServerState. (/root/mf/shyloo/src/kernel/logic/sllogic_engine.cpp:73)
[2018-06-12 22:52:41][20961][trace]initializing name ShutDown. (/root/mf/shyloo/src/kernel/logic/sllogic_engine.cpp:73)
[2018-06-12 22:52:41][20961][trace]initializing name Monitor. (/root/mf/shyloo/src/kernel/logic/sllogic_engine.cpp:73)
[2018-06-12 22:52:41][20961][trace]initializing name EventEngine. (/root/mf/shyloo/src/kernel/logic/sllogic_engine.cpp:73)
[2018-06-12 22:52:41][20961][trace]launching name Harbor. (/root/mf/shyloo/src/kernel/logic/sllogic_engine.cpp:86)
[2018-06-12 22:52:41][20961][trace]launching name Slave. (/root/mf/shyloo/src/kernel/logic/sllogic_engine.cpp:86)
[2018-06-12 22:52:41][20961][trace]launching name Cluster. (/root/mf/shyloo/src/kernel/logic/sllogic_engine.cpp:86)
[2018-06-12 22:52:41][20961][trace]launching name CapacitySubscriber. (/root/mf/shyloo/src/kernel/logic/sllogic_engine.cpp:86)
[2018-06-12 22:52:41][20961][trace]launching name CapacityPublisher. (/root/mf/shyloo/src/kernel/logic/sllogic_engine.cpp:86)
[2018-06-12 22:52:41][20961][trace]launching name ServerState. (/root/mf/shyloo/src/kernel/logic/sllogic_engine.cpp:86)
[2018-06-12 22:52:41][20961][trace]launching name ShutDown. (/root/mf/shyloo/src/kernel/logic/sllogic_engine.cpp:86)
[2018-06-12 22:52:41][20961][trace]launching name Monitor. (/root/mf/shyloo/src/kernel/logic/sllogic_engine.cpp:86)
[2018-06-12 22:52:41][20961][trace]launching name EventEngine. (/root/mf/shyloo/src/kernel/logic/sllogic_engine.cpp:86)
[2018-06-12 22:52:49][20961][error]connect [127.0.0.1:7700] failed! (/root/mf/shyloo/src/logic/harbor/Harbor.cpp:189)
[2018-06-12 22:52:53][20961][trace]reconnect [127.0.0.1:7700] ...! (/root/mf/shyloo/src/logic/harbor/NodeSession.cpp:78)
[2018-06-12 22:52:53][20961][trace]node[master:1] from[127.0.0.1:7700] opened (/root/mf/shyloo/src/logic/harbor/Harbor.cpp:134)
[2018-06-12 22:53:01][20961][trace]open new Node [8:1] (/root/mf/shyloo/src/logic/slave/Slave.cpp:116)
[2018-06-12 22:53:01][20961][trace]open new Node [3:1] (/root/mf/shyloo/src/logic/slave/Slave.cpp:116)
[2018-06-12 22:53:01][20961][trace]open new Node [2:1] (/root/mf/shyloo/src/logic/slave/Slave.cpp:116)
