e:\shyloo\src\sllib\python\pcbuild\win32-temp-debug\pythoncore\vc120.pdb
e:\shyloo\src\sllib\python\pcbuild\win32-temp-debug\pythoncore\binascii.obj
e:\shyloo\src\sllib\python\pcbuild\win32-temp-debug\pythoncore\audioop.obj
e:\shyloo\src\sllib\python\pcbuild\win32-temp-debug\pythoncore\atexitmodule.obj
e:\shyloo\src\sllib\python\pcbuild\win32-temp-debug\pythoncore\arraymodule.obj
e:\shyloo\src\sllib\python\pcbuild\win32-temp-debug\pythoncore\_weakref.obj
e:\shyloo\src\sllib\python\pcbuild\win32-temp-debug\pythoncore\_struct.obj
e:\shyloo\src\sllib\python\pcbuild\win32-temp-debug\pythoncore\_stat.obj
e:\shyloo\src\sllib\python\pcbuild\win32-temp-debug\pythoncore\_sre.obj
e:\shyloo\src\sllib\python\pcbuild\win32-temp-debug\pythoncore\_randommodule.obj
e:\shyloo\src\sllib\python\pcbuild\win32-temp-debug\pythoncore\_pickle.obj
e:\shyloo\src\sllib\python\pcbuild\win32-temp-debug\pythoncore\_math.obj
e:\shyloo\src\sllib\python\pcbuild\win32-temp-debug\pythoncore\_lsprof.obj
e:\shyloo\src\sllib\python\pcbuild\win32-temp-debug\pythoncore\_localemodule.obj
e:\shyloo\src\sllib\python\pcbuild\win32-temp-debug\pythoncore\_json.obj
e:\shyloo\src\sllib\python\pcbuild\win32-temp-debug\pythoncore\_heapqmodule.obj
e:\shyloo\src\sllib\python\pcbuild\win32-temp-debug\pythoncore\_functoolsmodule.obj
e:\shyloo\src\sllib\python\pcbuild\win32-temp-debug\pythoncore\_csv.obj
e:\shyloo\src\sllib\python\pcbuild\win32-temp-debug\pythoncore\_collectionsmodule.obj
e:\shyloo\src\sllib\python\pcbuild\win32-temp-debug\pythoncore\_codecsmodule.obj
e:\shyloo\src\sllib\python\pcbuild\win32-temp-debug\pythoncore\_bisectmodule.obj
e:\shyloo\src\sllib\python\pcbuild\win32-temp-debug\pythoncore\signalmodule.obj
e:\shyloo\src\sllib\python\pcbuild\win32-temp-debug\pythoncore\sha512module.obj
e:\shyloo\src\sllib\python\pcbuild\win32-temp-debug\pythoncore\sha256module.obj
e:\shyloo\src\sllib\python\pcbuild\win32-temp-debug\pythoncore\sha1module.obj
e:\shyloo\src\sllib\python\pcbuild\win32-temp-debug\pythoncore\rotatingtree.obj
e:\shyloo\src\sllib\python\pcbuild\win32-temp-debug\pythoncore\posixmodule.obj
e:\shyloo\src\sllib\python\pcbuild\win32-temp-debug\pythoncore\parsermodule.obj
e:\shyloo\src\sllib\python\pcbuild\win32-temp-debug\pythoncore\_operator.obj
e:\shyloo\src\sllib\python\pcbuild\win32-temp-debug\pythoncore\_opcode.obj
e:\shyloo\src\sllib\python\pcbuild\win32-temp-debug\pythoncore\mmapmodule.obj
e:\shyloo\src\sllib\python\pcbuild\win32-temp-debug\pythoncore\md5module.obj
e:\shyloo\src\sllib\python\pcbuild\win32-temp-debug\pythoncore\mathmodule.obj
e:\shyloo\src\sllib\python\pcbuild\win32-temp-debug\pythoncore\main.obj
e:\shyloo\src\sllib\python\pcbuild\win32-temp-debug\pythoncore\itertoolsmodule.obj
e:\shyloo\src\sllib\python\pcbuild\win32-temp-debug\pythoncore\hashtable.obj
e:\shyloo\src\sllib\python\pcbuild\win32-temp-debug\pythoncore\gcmodule.obj
e:\shyloo\src\sllib\python\pcbuild\win32-temp-debug\pythoncore\faulthandler.obj
e:\shyloo\src\sllib\python\pcbuild\win32-temp-debug\pythoncore\errnomodule.obj
e:\shyloo\src\sllib\python\pcbuild\win32-temp-debug\pythoncore\_datetimemodule.obj
e:\shyloo\src\sllib\python\pcbuild\win32-temp-debug\pythoncore\cmathmodule.obj
e:\shyloo\src\sllib\python\pcbuild\win32-temp-debug\pythoncore\inffast.obj
e:\shyloo\src\sllib\python\pcbuild\win32-temp-debug\pythoncore\infback.obj
e:\shyloo\src\sllib\python\pcbuild\win32-temp-debug\pythoncore\deflate.obj
e:\shyloo\src\sllib\python\pcbuild\win32-temp-debug\pythoncore\crc32.obj
e:\shyloo\src\sllib\python\pcbuild\win32-temp-debug\pythoncore\compress.obj
e:\shyloo\src\sllib\python\pcbuild\win32-temp-debug\pythoncore\adler32.obj
e:\shyloo\src\sllib\python\pcbuild\win32-temp-debug\pythoncore\_iomodule.obj
e:\shyloo\src\sllib\python\pcbuild\win32-temp-debug\pythoncore\textio.obj
e:\shyloo\src\sllib\python\pcbuild\win32-temp-debug\pythoncore\iobase.obj
e:\shyloo\src\sllib\python\pcbuild\win32-temp-debug\pythoncore\bufferedio.obj
e:\shyloo\src\sllib\python\pcbuild\win32-temp-debug\pythoncore\stringio.obj
e:\shyloo\src\sllib\python\pcbuild\win32-temp-debug\pythoncore\bytesio.obj
e:\shyloo\src\sllib\python\pcbuild\win32-temp-debug\pythoncore\fileio.obj
e:\shyloo\src\sllib\python\pcbuild\win32-temp-debug\pythoncore\zlibmodule.obj
e:\shyloo\src\sllib\python\pcbuild\win32-temp-debug\pythoncore\zipimport.obj
e:\shyloo\src\sllib\python\pcbuild\win32-temp-debug\pythoncore\xxsubtype.obj
e:\shyloo\src\sllib\python\pcbuild\win32-temp-debug\pythoncore\timemodule.obj
e:\shyloo\src\sllib\python\pcbuild\win32-temp-debug\pythoncore\_tracemalloc.obj
e:\shyloo\src\sllib\python\pcbuild\win32-temp-debug\pythoncore\_threadmodule.obj
e:\shyloo\src\sllib\python\pcbuild\win32-temp-debug\pythoncore\symtablemodule.obj
e:\shyloo\src\sllib\python\pcbuild\win32-temp-debug\pythoncore\capsule.obj
e:\shyloo\src\sllib\python\pcbuild\win32-temp-debug\pythoncore\bytesobject.obj
e:\shyloo\src\sllib\python\pcbuild\win32-temp-debug\pythoncore\bytearrayobject.obj
e:\shyloo\src\sllib\python\pcbuild\win32-temp-debug\pythoncore\bytes_methods.obj
e:\shyloo\src\sllib\python\pcbuild\win32-temp-debug\pythoncore\boolobject.obj
e:\shyloo\src\sllib\python\pcbuild\win32-temp-debug\pythoncore\accu.obj
e:\shyloo\src\sllib\python\pcbuild\win32-temp-debug\pythoncore\abstract.obj
e:\shyloo\src\sllib\python\pcbuild\win32-temp-debug\pythoncore\_winapi.obj
e:\shyloo\src\sllib\python\pcbuild\win32-temp-debug\pythoncore\multibytecodec.obj
e:\shyloo\src\sllib\python\pcbuild\win32-temp-debug\pythoncore\_codecs_tw.obj
e:\shyloo\src\sllib\python\pcbuild\win32-temp-debug\pythoncore\_codecs_kr.obj
e:\shyloo\src\sllib\python\pcbuild\win32-temp-debug\pythoncore\_codecs_jp.obj
e:\shyloo\src\sllib\python\pcbuild\win32-temp-debug\pythoncore\_codecs_iso2022.obj
e:\shyloo\src\sllib\python\pcbuild\win32-temp-debug\pythoncore\_codecs_hk.obj
e:\shyloo\src\sllib\python\pcbuild\win32-temp-debug\pythoncore\_codecs_cn.obj
e:\shyloo\src\sllib\python\pcbuild\win32-temp-debug\pythoncore\zutil.obj
e:\shyloo\src\sllib\python\pcbuild\win32-temp-debug\pythoncore\uncompr.obj
e:\shyloo\src\sllib\python\pcbuild\win32-temp-debug\pythoncore\trees.obj
e:\shyloo\src\sllib\python\pcbuild\win32-temp-debug\pythoncore\inftrees.obj
e:\shyloo\src\sllib\python\pcbuild\win32-temp-debug\pythoncore\inflate.obj
e:\shyloo\src\sllib\python\pcbuild\win32-temp-debug\pythoncore\namespaceobject.obj
e:\shyloo\src\sllib\python\pcbuild\win32-temp-debug\pythoncore\moduleobject.obj
e:\shyloo\src\sllib\python\pcbuild\win32-temp-debug\pythoncore\methodobject.obj
e:\shyloo\src\sllib\python\pcbuild\win32-temp-debug\pythoncore\memoryobject.obj
e:\shyloo\src\sllib\python\pcbuild\win32-temp-debug\pythoncore\longobject.obj
e:\shyloo\src\sllib\python\pcbuild\win32-temp-debug\pythoncore\listobject.obj
e:\shyloo\src\sllib\python\pcbuild\win32-temp-debug\pythoncore\iterobject.obj
e:\shyloo\src\sllib\python\pcbuild\win32-temp-debug\pythoncore\genobject.obj
e:\shyloo\src\sllib\python\pcbuild\win32-temp-debug\pythoncore\funcobject.obj
e:\shyloo\src\sllib\python\pcbuild\win32-temp-debug\pythoncore\frameobject.obj
e:\shyloo\src\sllib\python\pcbuild\win32-temp-debug\pythoncore\floatobject.obj
e:\shyloo\src\sllib\python\pcbuild\win32-temp-debug\pythoncore\fileobject.obj
e:\shyloo\src\sllib\python\pcbuild\win32-temp-debug\pythoncore\exceptions.obj
e:\shyloo\src\sllib\python\pcbuild\win32-temp-debug\pythoncore\enumobject.obj
e:\shyloo\src\sllib\python\pcbuild\win32-temp-debug\pythoncore\dictobject.obj
e:\shyloo\src\sllib\python\pcbuild\win32-temp-debug\pythoncore\descrobject.obj
e:\shyloo\src\sllib\python\pcbuild\win32-temp-debug\pythoncore\complexobject.obj
e:\shyloo\src\sllib\python\pcbuild\win32-temp-debug\pythoncore\codeobject.obj
e:\shyloo\src\sllib\python\pcbuild\win32-temp-debug\pythoncore\classobject.obj
e:\shyloo\src\sllib\python\pcbuild\win32-temp-debug\pythoncore\cellobject.obj
e:\shyloo\src\sllib\python\pcbuild\win32-temp-debug\pythoncore\node.obj
e:\shyloo\src\sllib\python\pcbuild\win32-temp-debug\pythoncore\myreadline.obj
e:\shyloo\src\sllib\python\pcbuild\win32-temp-debug\pythoncore\metagrammar.obj
e:\shyloo\src\sllib\python\pcbuild\win32-temp-debug\pythoncore\listnode.obj
e:\shyloo\src\sllib\python\pcbuild\win32-temp-debug\pythoncore\grammar1.obj
e:\shyloo\src\sllib\python\pcbuild\win32-temp-debug\pythoncore\grammar.obj
e:\shyloo\src\sllib\python\pcbuild\win32-temp-debug\pythoncore\firstsets.obj
e:\shyloo\src\sllib\python\pcbuild\win32-temp-debug\pythoncore\bitset.obj
e:\shyloo\src\sllib\python\pcbuild\win32-temp-debug\pythoncore\acceler.obj
e:\shyloo\src\sllib\python\pcbuild\win32-temp-debug\pythoncore\weakrefobject.obj
e:\shyloo\src\sllib\python\pcbuild\win32-temp-debug\pythoncore\unicodeobject.obj
e:\shyloo\src\sllib\python\pcbuild\win32-temp-debug\pythoncore\unicodectype.obj
e:\shyloo\src\sllib\python\pcbuild\win32-temp-debug\pythoncore\typeobject.obj
e:\shyloo\src\sllib\python\pcbuild\win32-temp-debug\pythoncore\tupleobject.obj
e:\shyloo\src\sllib\python\pcbuild\win32-temp-debug\pythoncore\structseq.obj
e:\shyloo\src\sllib\python\pcbuild\win32-temp-debug\pythoncore\sliceobject.obj
e:\shyloo\src\sllib\python\pcbuild\win32-temp-debug\pythoncore\setobject.obj
e:\shyloo\src\sllib\python\pcbuild\win32-temp-debug\pythoncore\rangeobject.obj
e:\shyloo\src\sllib\python\pcbuild\win32-temp-debug\pythoncore\obmalloc.obj
e:\shyloo\src\sllib\python\pcbuild\win32-temp-debug\pythoncore\object.obj
e:\shyloo\src\sllib\python\pcbuild\win32-temp-debug\pythoncore\errors.obj
e:\shyloo\src\sllib\python\pcbuild\win32-temp-debug\pythoncore\dynload_win.obj
e:\shyloo\src\sllib\python\pcbuild\win32-temp-debug\pythoncore\dynamic_annotations.obj
e:\shyloo\src\sllib\python\pcbuild\win32-temp-debug\pythoncore\compile.obj
e:\shyloo\src\sllib\python\pcbuild\win32-temp-debug\pythoncore\codecs.obj
e:\shyloo\src\sllib\python\pcbuild\win32-temp-debug\pythoncore\ceval.obj
e:\shyloo\src\sllib\python\pcbuild\win32-temp-debug\pythoncore\bltinmodule.obj
e:\shyloo\src\sllib\python\pcbuild\win32-temp-debug\pythoncore\ast.obj
e:\shyloo\src\sllib\python\pcbuild\win32-temp-debug\pythoncore\asdl.obj
e:\shyloo\src\sllib\python\pcbuild\win32-temp-debug\pythoncore\_warnings.obj
e:\shyloo\src\sllib\python\pcbuild\win32-temp-debug\pythoncore\random.obj
e:\shyloo\src\sllib\python\pcbuild\win32-temp-debug\pythoncore\pyhash.obj
e:\shyloo\src\sllib\python\pcbuild\win32-temp-debug\pythoncore\msvcrtmodule.obj
e:\shyloo\src\sllib\python\pcbuild\win32-temp-debug\pythoncore\getpathp.obj
e:\shyloo\src\sllib\python\pcbuild\win32-temp-debug\pythoncore\dl_nt.obj
e:\shyloo\src\sllib\python\pcbuild\win32-temp-debug\pythoncore\config.obj
e:\shyloo\src\sllib\python\pcbuild\win32-temp-debug\pythoncore\winreg.obj
e:\shyloo\src\sllib\python\pcbuild\win32-temp-debug\pythoncore\tokenizer.obj
e:\shyloo\src\sllib\python\pcbuild\win32-temp-debug\pythoncore\parsetok.obj
e:\shyloo\src\sllib\python\pcbuild\win32-temp-debug\pythoncore\parser.obj
e:\shyloo\src\sllib\python\pcbuild\win32-temp-debug\pythoncore\pyctype.obj
e:\shyloo\src\sllib\python\pcbuild\win32-temp-debug\pythoncore\pyarena.obj
e:\shyloo\src\sllib\python\pcbuild\win32-temp-debug\pythoncore\peephole.obj
e:\shyloo\src\sllib\python\pcbuild\win32-temp-debug\pythoncore\mystrtoul.obj
e:\shyloo\src\sllib\python\pcbuild\win32-temp-debug\pythoncore\mysnprintf.obj
e:\shyloo\src\sllib\python\pcbuild\win32-temp-debug\pythoncore\modsupport.obj
e:\shyloo\src\sllib\python\pcbuild\win32-temp-debug\pythoncore\marshal.obj
e:\shyloo\src\sllib\python\pcbuild\win32-temp-debug\pythoncore\importdl.obj
e:\shyloo\src\sllib\python\pcbuild\win32-temp-debug\pythoncore\import.obj
e:\shyloo\src\sllib\python\pcbuild\win32-temp-debug\pythoncore\graminit.obj
e:\shyloo\src\sllib\python\pcbuild\win32-temp-debug\pythoncore\getversion.obj
e:\shyloo\src\sllib\python\pcbuild\win32-temp-debug\pythoncore\getplatform.obj
e:\shyloo\src\sllib\python\pcbuild\win32-temp-debug\pythoncore\getopt.obj
e:\shyloo\src\sllib\python\pcbuild\win32-temp-debug\pythoncore\getcopyright.obj
e:\shyloo\src\sllib\python\pcbuild\win32-temp-debug\pythoncore\getcompiler.obj
e:\shyloo\src\sllib\python\pcbuild\win32-temp-debug\pythoncore\getargs.obj
e:\shyloo\src\sllib\python\pcbuild\win32-temp-debug\pythoncore\future.obj
e:\shyloo\src\sllib\python\pcbuild\win32-temp-debug\pythoncore\frozen.obj
e:\shyloo\src\sllib\python\pcbuild\win32-temp-debug\pythoncore\formatter_unicode.obj
e:\shyloo\src\sllib\python\pcbuild\win32-temp-debug\pythoncore\fileutils.obj
e:\shyloo\src\sllib\python\pcbuild\win32-temp-debug\pythoncore\traceback.obj
e:\shyloo\src\sllib\python\pcbuild\win32-temp-debug\pythoncore\thread.obj
e:\shyloo\src\sllib\python\pcbuild\win32-temp-debug\pythoncore\sysmodule.obj
e:\shyloo\src\sllib\python\pcbuild\win32-temp-debug\pythoncore\symtable.obj
e:\shyloo\src\sllib\python\pcbuild\win32-temp-debug\pythoncore\structmember.obj
e:\shyloo\src\sllib\python\pcbuild\win32-temp-debug\pythoncore\pythonrun.obj
e:\shyloo\src\sllib\python\pcbuild\win32-temp-debug\pythoncore\python-ast.obj
e:\shyloo\src\sllib\python\pcbuild\win32-temp-debug\pythoncore\dtoa.obj
e:\shyloo\src\sllib\python\pcbuild\win32-temp-debug\pythoncore\pystrtod.obj
e:\shyloo\src\sllib\python\pcbuild\win32-temp-debug\pythoncore\pystrcmp.obj
e:\shyloo\src\sllib\python\pcbuild\win32-temp-debug\pythoncore\pystate.obj
e:\shyloo\src\sllib\python\pcbuild\win32-temp-debug\pythoncore\pytime.obj
e:\shyloo\src\sllib\python\pcbuild\win32-temp-debug\pythoncore\pymath.obj
e:\shyloo\src\sllib\python\pcbuild\win32-temp-debug\pythoncore\pyfpe.obj
e:\shyloo\src\sllib\python\pcbuild\python34_d.dll
e:\shyloo\src\sllib\python\pcbuild\python34_d.pdb
e:\shyloo\src\sllib\python\pcbuild\python34_d.lib
e:\shyloo\src\sllib\python\pcbuild\python34_d.exp
e:\shyloo\src\sllib\python\pcbuild\win32-temp-debug\pythoncore\python_nt.res
e:\shyloo\src\sllib\python\pcbuild\win32-temp-debug\pythoncore\pythoncore.tlog\cl.command.1.tlog
e:\shyloo\src\sllib\python\pcbuild\win32-temp-debug\pythoncore\pythoncore.tlog\cl.read.1.tlog
e:\shyloo\src\sllib\python\pcbuild\win32-temp-debug\pythoncore\pythoncore.tlog\cl.write.1.tlog
e:\shyloo\src\sllib\python\pcbuild\win32-temp-debug\pythoncore\pythoncore.tlog\link.command.1.tlog
e:\shyloo\src\sllib\python\pcbuild\win32-temp-debug\pythoncore\pythoncore.tlog\link.read.1.tlog
e:\shyloo\src\sllib\python\pcbuild\win32-temp-debug\pythoncore\pythoncore.tlog\link.write.1.tlog
e:\shyloo\src\sllib\python\pcbuild\win32-temp-debug\pythoncore\pythoncore.tlog\pythoncore.write.1u.tlog
e:\shyloo\src\sllib\python\pcbuild\win32-temp-debug\pythoncore\pythoncore.tlog\rc.command.1.tlog
e:\shyloo\src\sllib\python\pcbuild\win32-temp-debug\pythoncore\pythoncore.tlog\rc.read.1.tlog
e:\shyloo\src\sllib\python\pcbuild\win32-temp-debug\pythoncore\pythoncore.tlog\rc.write.1.tlog
