生成启动时间为 2017/11/28 20:00:55。
     1>项目“E:\shyloo\src\sllib\python\PCbuild\pythoncore.vcxproj”在节点 2 上(Build 个目标)。
     1>PreBuildEvent:
         E:\shyloo\src\sllib\python\PCbuild\amd64\kill_python.exe
         IF %ERRORLEVEL% NEQ 0 (
             echo kill_python: war^ning: could not kill running Pythons, exit code %ERRORLEVEL%
             exit /b 0
         )
         :VCEnd
       PreLinkEvent:
         "E:\shyloo\src\sllib\python\PCbuild\make_buildinfo.exe" Release "E:\shyloo\src\sllib\python\PCbuild\x64-temp-Release\pythoncore\\"
         :VCEnd
         'hg' 不是内部或外部命令，也不是可运行的程序
         或批处理文件。
         cl.exe -c -D_WIN32 -DUSE_DL_EXPORT -D_WINDOWS -DWIN32 -D_WINDLL -MD ..\Modules\getbuildinfo.c -Fo"E:\shyloo\src\sllib\python\PCbuild\x64-temp-Release\pythoncore\\getbuildinfo.o" -I..\Include -I..\PC
         用于 x64 的 Microsoft (R) C/C++ 优化编译器 18.00.21005.1 版
         版权所有(C) Microsoft Corporation。  保留所有权利。
         
         getbuildinfo.c
       Link:
         C:\Program Files (x86)\Microsoft Visual Studio 12.0\VC\bin\x86_amd64\link.exe /ERRORREPORT:PROMPT /OUT:"E:\shyloo\src\sllib\python\PCbuild\amd64\python34.dll" /NOLOGO /LIBPATH:E:\shyloo\src\sllib\python\PCbuild\amd64\ "E:\shyloo\src\sllib\python\PCbuild\x64-temp-Release\pythoncore\getbuildinfo.o" kernel32.lib user32.lib gdi32.lib winspool.lib comdlg32.lib advapi32.lib shell32.lib ole32.lib oleaut32.lib uuid.lib odbc32.lib odbccp32.lib /NODEFAULTLIB:libc /MANIFEST /MANIFESTUAC:"level='asInvoker' uiAccess='false'" /manifest:embed /DEBUG /PDB:"E:\shyloo\src\sllib\python\PCbuild\amd64\python34.pdb" /SUBSYSTEM:WINDOWS /TLBID:1 /BASE:"0x1e000000" /DYNAMICBASE /NXCOMPAT /IMPLIB:"E:\shyloo\src\sllib\python\PCbuild\amd64\python34.lib" /MACHINE:X64 /DLL "E:\shyloo\src\sllib\python\PCbuild\x64-temp-Release\pythoncore\python_nt.res"
         "E:\shyloo\src\sllib\python\PCbuild\x64-temp-Release\pythoncore\_bisectmodule.obj"
         "E:\shyloo\src\sllib\python\PCbuild\x64-temp-Release\pythoncore\_codecsmodule.obj"
         "E:\shyloo\src\sllib\python\PCbuild\x64-temp-Release\pythoncore\_collectionsmodule.obj"
         "E:\shyloo\src\sllib\python\PCbuild\x64-temp-Release\pythoncore\_csv.obj"
         "E:\shyloo\src\sllib\python\PCbuild\x64-temp-Release\pythoncore\_functoolsmodule.obj"
         "E:\shyloo\src\sllib\python\PCbuild\x64-temp-Release\pythoncore\_heapqmodule.obj"
         "E:\shyloo\src\sllib\python\PCbuild\x64-temp-Release\pythoncore\_json.obj"
         "E:\shyloo\src\sllib\python\PCbuild\x64-temp-Release\pythoncore\_localemodule.obj"
         "E:\shyloo\src\sllib\python\PCbuild\x64-temp-Release\pythoncore\_lsprof.obj"
         "E:\shyloo\src\sllib\python\PCbuild\x64-temp-Release\pythoncore\_math.obj"
         "E:\shyloo\src\sllib\python\PCbuild\x64-temp-Release\pythoncore\_pickle.obj"
         "E:\shyloo\src\sllib\python\PCbuild\x64-temp-Release\pythoncore\_randommodule.obj"
         "E:\shyloo\src\sllib\python\PCbuild\x64-temp-Release\pythoncore\_sre.obj"
         "E:\shyloo\src\sllib\python\PCbuild\x64-temp-Release\pythoncore\_stat.obj"
         "E:\shyloo\src\sllib\python\PCbuild\x64-temp-Release\pythoncore\_struct.obj"
         "E:\shyloo\src\sllib\python\PCbuild\x64-temp-Release\pythoncore\_weakref.obj"
         "E:\shyloo\src\sllib\python\PCbuild\x64-temp-Release\pythoncore\arraymodule.obj"
         "E:\shyloo\src\sllib\python\PCbuild\x64-temp-Release\pythoncore\atexitmodule.obj"
         "E:\shyloo\src\sllib\python\PCbuild\x64-temp-Release\pythoncore\audioop.obj"
         "E:\shyloo\src\sllib\python\PCbuild\x64-temp-Release\pythoncore\binascii.obj"
         "E:\shyloo\src\sllib\python\PCbuild\x64-temp-Release\pythoncore\cmathmodule.obj"
         "E:\shyloo\src\sllib\python\PCbuild\x64-temp-Release\pythoncore\_datetimemodule.obj"
         "E:\shyloo\src\sllib\python\PCbuild\x64-temp-Release\pythoncore\errnomodule.obj"
         "E:\shyloo\src\sllib\python\PCbuild\x64-temp-Release\pythoncore\faulthandler.obj"
         "E:\shyloo\src\sllib\python\PCbuild\x64-temp-Release\pythoncore\gcmodule.obj"
         "E:\shyloo\src\sllib\python\PCbuild\x64-temp-Release\pythoncore\hashtable.obj"
         "E:\shyloo\src\sllib\python\PCbuild\x64-temp-Release\pythoncore\itertoolsmodule.obj"
         "E:\shyloo\src\sllib\python\PCbuild\x64-temp-Release\pythoncore\main.obj"
         "E:\shyloo\src\sllib\python\PCbuild\x64-temp-Release\pythoncore\mathmodule.obj"
         "E:\shyloo\src\sllib\python\PCbuild\x64-temp-Release\pythoncore\md5module.obj"
         "E:\shyloo\src\sllib\python\PCbuild\x64-temp-Release\pythoncore\mmapmodule.obj"
         "E:\shyloo\src\sllib\python\PCbuild\x64-temp-Release\pythoncore\_opcode.obj"
         "E:\shyloo\src\sllib\python\PCbuild\x64-temp-Release\pythoncore\_operator.obj"
         "E:\shyloo\src\sllib\python\PCbuild\x64-temp-Release\pythoncore\parsermodule.obj"
         "E:\shyloo\src\sllib\python\PCbuild\x64-temp-Release\pythoncore\posixmodule.obj"
         "E:\shyloo\src\sllib\python\PCbuild\x64-temp-Release\pythoncore\rotatingtree.obj"
         "E:\shyloo\src\sllib\python\PCbuild\x64-temp-Release\pythoncore\sha1module.obj"
         "E:\shyloo\src\sllib\python\PCbuild\x64-temp-Release\pythoncore\sha256module.obj"
         "E:\shyloo\src\sllib\python\PCbuild\x64-temp-Release\pythoncore\sha512module.obj"
         "E:\shyloo\src\sllib\python\PCbuild\x64-temp-Release\pythoncore\signalmodule.obj"
         "E:\shyloo\src\sllib\python\PCbuild\x64-temp-Release\pythoncore\symtablemodule.obj"
         "E:\shyloo\src\sllib\python\PCbuild\x64-temp-Release\pythoncore\_threadmodule.obj"
         "E:\shyloo\src\sllib\python\PCbuild\x64-temp-Release\pythoncore\_tracemalloc.obj"
         "E:\shyloo\src\sllib\python\PCbuild\x64-temp-Release\pythoncore\timemodule.obj"
         "E:\shyloo\src\sllib\python\PCbuild\x64-temp-Release\pythoncore\xxsubtype.obj"
         "E:\shyloo\src\sllib\python\PCbuild\x64-temp-Release\pythoncore\zipimport.obj"
         "E:\shyloo\src\sllib\python\PCbuild\x64-temp-Release\pythoncore\zlibmodule.obj"
         "E:\shyloo\src\sllib\python\PCbuild\x64-temp-Release\pythoncore\fileio.obj"
         "E:\shyloo\src\sllib\python\PCbuild\x64-temp-Release\pythoncore\bytesio.obj"
         "E:\shyloo\src\sllib\python\PCbuild\x64-temp-Release\pythoncore\stringio.obj"
         "E:\shyloo\src\sllib\python\PCbuild\x64-temp-Release\pythoncore\bufferedio.obj"
         "E:\shyloo\src\sllib\python\PCbuild\x64-temp-Release\pythoncore\iobase.obj"
         "E:\shyloo\src\sllib\python\PCbuild\x64-temp-Release\pythoncore\textio.obj"
         "E:\shyloo\src\sllib\python\PCbuild\x64-temp-Release\pythoncore\_iomodule.obj"
         "E:\shyloo\src\sllib\python\PCbuild\x64-temp-Release\pythoncore\adler32.obj"
         "E:\shyloo\src\sllib\python\PCbuild\x64-temp-Release\pythoncore\compress.obj"
         "E:\shyloo\src\sllib\python\PCbuild\x64-temp-Release\pythoncore\crc32.obj"
         "E:\shyloo\src\sllib\python\PCbuild\x64-temp-Release\pythoncore\deflate.obj"
         "E:\shyloo\src\sllib\python\PCbuild\x64-temp-Release\pythoncore\infback.obj"
         "E:\shyloo\src\sllib\python\PCbuild\x64-temp-Release\pythoncore\inffast.obj"
         "E:\shyloo\src\sllib\python\PCbuild\x64-temp-Release\pythoncore\inflate.obj"
         "E:\shyloo\src\sllib\python\PCbuild\x64-temp-Release\pythoncore\inftrees.obj"
         "E:\shyloo\src\sllib\python\PCbuild\x64-temp-Release\pythoncore\trees.obj"
         "E:\shyloo\src\sllib\python\PCbuild\x64-temp-Release\pythoncore\uncompr.obj"
         "E:\shyloo\src\sllib\python\PCbuild\x64-temp-Release\pythoncore\zutil.obj"
         "E:\shyloo\src\sllib\python\PCbuild\x64-temp-Release\pythoncore\_codecs_cn.obj"
         "E:\shyloo\src\sllib\python\PCbuild\x64-temp-Release\pythoncore\_codecs_hk.obj"
         "E:\shyloo\src\sllib\python\PCbuild\x64-temp-Release\pythoncore\_codecs_iso2022.obj"
         "E:\shyloo\src\sllib\python\PCbuild\x64-temp-Release\pythoncore\_codecs_jp.obj"
         "E:\shyloo\src\sllib\python\PCbuild\x64-temp-Release\pythoncore\_codecs_kr.obj"
         "E:\shyloo\src\sllib\python\PCbuild\x64-temp-Release\pythoncore\_codecs_tw.obj"
         "E:\shyloo\src\sllib\python\PCbuild\x64-temp-Release\pythoncore\multibytecodec.obj"
         "E:\shyloo\src\sllib\python\PCbuild\x64-temp-Release\pythoncore\_winapi.obj"
         "E:\shyloo\src\sllib\python\PCbuild\x64-temp-Release\pythoncore\abstract.obj"
         "E:\shyloo\src\sllib\python\PCbuild\x64-temp-Release\pythoncore\accu.obj"
         "E:\shyloo\src\sllib\python\PCbuild\x64-temp-Release\pythoncore\boolobject.obj"
         "E:\shyloo\src\sllib\python\PCbuild\x64-temp-Release\pythoncore\bytes_methods.obj"
         "E:\shyloo\src\sllib\python\PCbuild\x64-temp-Release\pythoncore\bytearrayobject.obj"
         "E:\shyloo\src\sllib\python\PCbuild\x64-temp-Release\pythoncore\bytesobject.obj"
         "E:\shyloo\src\sllib\python\PCbuild\x64-temp-Release\pythoncore\capsule.obj"
         "E:\shyloo\src\sllib\python\PCbuild\x64-temp-Release\pythoncore\cellobject.obj"
         "E:\shyloo\src\sllib\python\PCbuild\x64-temp-Release\pythoncore\classobject.obj"
         "E:\shyloo\src\sllib\python\PCbuild\x64-temp-Release\pythoncore\codeobject.obj"
         "E:\shyloo\src\sllib\python\PCbuild\x64-temp-Release\pythoncore\complexobject.obj"
         "E:\shyloo\src\sllib\python\PCbuild\x64-temp-Release\pythoncore\descrobject.obj"
         "E:\shyloo\src\sllib\python\PCbuild\x64-temp-Release\pythoncore\dictobject.obj"
         "E:\shyloo\src\sllib\python\PCbuild\x64-temp-Release\pythoncore\enumobject.obj"
         "E:\shyloo\src\sllib\python\PCbuild\x64-temp-Release\pythoncore\exceptions.obj"
         "E:\shyloo\src\sllib\python\PCbuild\x64-temp-Release\pythoncore\fileobject.obj"
         "E:\shyloo\src\sllib\python\PCbuild\x64-temp-Release\pythoncore\floatobject.obj"
         "E:\shyloo\src\sllib\python\PCbuild\x64-temp-Release\pythoncore\frameobject.obj"
         "E:\shyloo\src\sllib\python\PCbuild\x64-temp-Release\pythoncore\funcobject.obj"
         "E:\shyloo\src\sllib\python\PCbuild\x64-temp-Release\pythoncore\genobject.obj"
         "E:\shyloo\src\sllib\python\PCbuild\x64-temp-Release\pythoncore\iterobject.obj"
         "E:\shyloo\src\sllib\python\PCbuild\x64-temp-Release\pythoncore\listobject.obj"
         "E:\shyloo\src\sllib\python\PCbuild\x64-temp-Release\pythoncore\longobject.obj"
         "E:\shyloo\src\sllib\python\PCbuild\x64-temp-Release\pythoncore\memoryobject.obj"
         "E:\shyloo\src\sllib\python\PCbuild\x64-temp-Release\pythoncore\methodobject.obj"
         "E:\shyloo\src\sllib\python\PCbuild\x64-temp-Release\pythoncore\moduleobject.obj"
         "E:\shyloo\src\sllib\python\PCbuild\x64-temp-Release\pythoncore\namespaceobject.obj"
         "E:\shyloo\src\sllib\python\PCbuild\x64-temp-Release\pythoncore\object.obj"
         "E:\shyloo\src\sllib\python\PCbuild\x64-temp-Release\pythoncore\obmalloc.obj"
         "E:\shyloo\src\sllib\python\PCbuild\x64-temp-Release\pythoncore\rangeobject.obj"
         "E:\shyloo\src\sllib\python\PCbuild\x64-temp-Release\pythoncore\setobject.obj"
         "E:\shyloo\src\sllib\python\PCbuild\x64-temp-Release\pythoncore\sliceobject.obj"
         "E:\shyloo\src\sllib\python\PCbuild\x64-temp-Release\pythoncore\structseq.obj"
         "E:\shyloo\src\sllib\python\PCbuild\x64-temp-Release\pythoncore\tupleobject.obj"
         "E:\shyloo\src\sllib\python\PCbuild\x64-temp-Release\pythoncore\typeobject.obj"
         "E:\shyloo\src\sllib\python\PCbuild\x64-temp-Release\pythoncore\unicodectype.obj"
         "E:\shyloo\src\sllib\python\PCbuild\x64-temp-Release\pythoncore\unicodeobject.obj"
         "E:\shyloo\src\sllib\python\PCbuild\x64-temp-Release\pythoncore\weakrefobject.obj"
         "E:\shyloo\src\sllib\python\PCbuild\x64-temp-Release\pythoncore\acceler.obj"
         "E:\shyloo\src\sllib\python\PCbuild\x64-temp-Release\pythoncore\bitset.obj"
         "E:\shyloo\src\sllib\python\PCbuild\x64-temp-Release\pythoncore\firstsets.obj"
         "E:\shyloo\src\sllib\python\PCbuild\x64-temp-Release\pythoncore\grammar.obj"
         "E:\shyloo\src\sllib\python\PCbuild\x64-temp-Release\pythoncore\grammar1.obj"
         "E:\shyloo\src\sllib\python\PCbuild\x64-temp-Release\pythoncore\listnode.obj"
         "E:\shyloo\src\sllib\python\PCbuild\x64-temp-Release\pythoncore\metagrammar.obj"
         "E:\shyloo\src\sllib\python\PCbuild\x64-temp-Release\pythoncore\myreadline.obj"
         "E:\shyloo\src\sllib\python\PCbuild\x64-temp-Release\pythoncore\node.obj"
         "E:\shyloo\src\sllib\python\PCbuild\x64-temp-Release\pythoncore\parser.obj"
         "E:\shyloo\src\sllib\python\PCbuild\x64-temp-Release\pythoncore\parsetok.obj"
         "E:\shyloo\src\sllib\python\PCbuild\x64-temp-Release\pythoncore\tokenizer.obj"
         "E:\shyloo\src\sllib\python\PCbuild\x64-temp-Release\pythoncore\winreg.obj"
         "E:\shyloo\src\sllib\python\PCbuild\x64-temp-Release\pythoncore\config.obj"
         "E:\shyloo\src\sllib\python\PCbuild\x64-temp-Release\pythoncore\dl_nt.obj"
         "E:\shyloo\src\sllib\python\PCbuild\x64-temp-Release\pythoncore\getpathp.obj"
         "E:\shyloo\src\sllib\python\PCbuild\x64-temp-Release\pythoncore\msvcrtmodule.obj"
         "E:\shyloo\src\sllib\python\PCbuild\x64-temp-Release\pythoncore\pyhash.obj"
         "E:\shyloo\src\sllib\python\PCbuild\x64-temp-Release\pythoncore\random.obj"
         "E:\shyloo\src\sllib\python\PCbuild\x64-temp-Release\pythoncore\_warnings.obj"
         "E:\shyloo\src\sllib\python\PCbuild\x64-temp-Release\pythoncore\asdl.obj"
         "E:\shyloo\src\sllib\python\PCbuild\x64-temp-Release\pythoncore\ast.obj"
         "E:\shyloo\src\sllib\python\PCbuild\x64-temp-Release\pythoncore\bltinmodule.obj"
         "E:\shyloo\src\sllib\python\PCbuild\x64-temp-Release\pythoncore\ceval.obj"
         "E:\shyloo\src\sllib\python\PCbuild\x64-temp-Release\pythoncore\codecs.obj"
         "E:\shyloo\src\sllib\python\PCbuild\x64-temp-Release\pythoncore\compile.obj"
         "E:\shyloo\src\sllib\python\PCbuild\x64-temp-Release\pythoncore\dynamic_annotations.obj"
         "E:\shyloo\src\sllib\python\PCbuild\x64-temp-Release\pythoncore\dynload_win.obj"
         "E:\shyloo\src\sllib\python\PCbuild\x64-temp-Release\pythoncore\errors.obj"
         "E:\shyloo\src\sllib\python\PCbuild\x64-temp-Release\pythoncore\fileutils.obj"
         "E:\shyloo\src\sllib\python\PCbuild\x64-temp-Release\pythoncore\formatter_unicode.obj"
         "E:\shyloo\src\sllib\python\PCbuild\x64-temp-Release\pythoncore\frozen.obj"
         "E:\shyloo\src\sllib\python\PCbuild\x64-temp-Release\pythoncore\future.obj"
         "E:\shyloo\src\sllib\python\PCbuild\x64-temp-Release\pythoncore\getargs.obj"
         "E:\shyloo\src\sllib\python\PCbuild\x64-temp-Release\pythoncore\getcompiler.obj"
         "E:\shyloo\src\sllib\python\PCbuild\x64-temp-Release\pythoncore\getcopyright.obj"
         "E:\shyloo\src\sllib\python\PCbuild\x64-temp-Release\pythoncore\getopt.obj"
         "E:\shyloo\src\sllib\python\PCbuild\x64-temp-Release\pythoncore\getplatform.obj"
         "E:\shyloo\src\sllib\python\PCbuild\x64-temp-Release\pythoncore\getversion.obj"
         "E:\shyloo\src\sllib\python\PCbuild\x64-temp-Release\pythoncore\graminit.obj"
         "E:\shyloo\src\sllib\python\PCbuild\x64-temp-Release\pythoncore\import.obj"
         "E:\shyloo\src\sllib\python\PCbuild\x64-temp-Release\pythoncore\importdl.obj"
         "E:\shyloo\src\sllib\python\PCbuild\x64-temp-Release\pythoncore\marshal.obj"
         "E:\shyloo\src\sllib\python\PCbuild\x64-temp-Release\pythoncore\modsupport.obj"
         "E:\shyloo\src\sllib\python\PCbuild\x64-temp-Release\pythoncore\mysnprintf.obj"
         "E:\shyloo\src\sllib\python\PCbuild\x64-temp-Release\pythoncore\mystrtoul.obj"
         "E:\shyloo\src\sllib\python\PCbuild\x64-temp-Release\pythoncore\peephole.obj"
         "E:\shyloo\src\sllib\python\PCbuild\x64-temp-Release\pythoncore\pyarena.obj"
         "E:\shyloo\src\sllib\python\PCbuild\x64-temp-Release\pythoncore\pyctype.obj"
         "E:\shyloo\src\sllib\python\PCbuild\x64-temp-Release\pythoncore\pyfpe.obj"
         "E:\shyloo\src\sllib\python\PCbuild\x64-temp-Release\pythoncore\pymath.obj"
         "E:\shyloo\src\sllib\python\PCbuild\x64-temp-Release\pythoncore\pytime.obj"
         "E:\shyloo\src\sllib\python\PCbuild\x64-temp-Release\pythoncore\pystate.obj"
         "E:\shyloo\src\sllib\python\PCbuild\x64-temp-Release\pythoncore\pystrcmp.obj"
         "E:\shyloo\src\sllib\python\PCbuild\x64-temp-Release\pythoncore\pystrtod.obj"
         "E:\shyloo\src\sllib\python\PCbuild\x64-temp-Release\pythoncore\dtoa.obj"
         "E:\shyloo\src\sllib\python\PCbuild\x64-temp-Release\pythoncore\Python-ast.obj"
         "E:\shyloo\src\sllib\python\PCbuild\x64-temp-Release\pythoncore\pythonrun.obj"
         "E:\shyloo\src\sllib\python\PCbuild\x64-temp-Release\pythoncore\structmember.obj"
         "E:\shyloo\src\sllib\python\PCbuild\x64-temp-Release\pythoncore\symtable.obj"
         "E:\shyloo\src\sllib\python\PCbuild\x64-temp-Release\pythoncore\sysmodule.obj"
         "E:\shyloo\src\sllib\python\PCbuild\x64-temp-Release\pythoncore\thread.obj"
         "E:\shyloo\src\sllib\python\PCbuild\x64-temp-Release\pythoncore\traceback.obj"
         pythoncore.vcxproj -> E:\shyloo\src\sllib\python\PCbuild\amd64\python34.dll
     1>已完成生成项目“E:\shyloo\src\sllib\python\PCbuild\pythoncore.vcxproj”(Build 个目标)的操作。

生成成功。

已用时间 00:00:00.88
