e:\shyloo\src\sllib\python\pcbuild\win32-temp-debug\_decimal\vc120.pdb
e:\shyloo\src\sllib\python\pcbuild\win32-temp-debug\_decimal\transpose.obj
e:\shyloo\src\sllib\python\pcbuild\win32-temp-debug\_decimal\sixstep.obj
e:\shyloo\src\sllib\python\pcbuild\win32-temp-debug\_decimal\numbertheory.obj
e:\shyloo\src\sllib\python\pcbuild\win32-temp-debug\_decimal\mpdecimal.obj
e:\shyloo\src\sllib\python\pcbuild\win32-temp-debug\_decimal\memory.obj
e:\shyloo\src\sllib\python\pcbuild\win32-temp-debug\_decimal\io.obj
e:\shyloo\src\sllib\python\pcbuild\win32-temp-debug\_decimal\fourstep.obj
e:\shyloo\src\sllib\python\pcbuild\win32-temp-debug\_decimal\fnt.obj
e:\shyloo\src\sllib\python\pcbuild\win32-temp-debug\_decimal\difradix2.obj
e:\shyloo\src\sllib\python\pcbuild\win32-temp-debug\_decimal\crt.obj
e:\shyloo\src\sllib\python\pcbuild\win32-temp-debug\_decimal\convolute.obj
e:\shyloo\src\sllib\python\pcbuild\win32-temp-debug\_decimal\context.obj
e:\shyloo\src\sllib\python\pcbuild\win32-temp-debug\_decimal\constants.obj
e:\shyloo\src\sllib\python\pcbuild\win32-temp-debug\_decimal\basearith.obj
e:\shyloo\src\sllib\python\pcbuild\win32-temp-debug\_decimal\_decimal.obj
e:\shyloo\src\sllib\python\pcbuild\_decimal_d.pyd
e:\shyloo\src\sllib\python\pcbuild\_decimal_d.pdb
e:\shyloo\src\sllib\python\pcbuild\_decimal_d.lib
e:\shyloo\src\sllib\python\pcbuild\_decimal_d.exp
e:\shyloo\src\sllib\python\pcbuild\win32-temp-debug\_decimal\_decimal.tlog\cl.command.1.tlog
e:\shyloo\src\sllib\python\pcbuild\win32-temp-debug\_decimal\_decimal.tlog\cl.read.1.tlog
e:\shyloo\src\sllib\python\pcbuild\win32-temp-debug\_decimal\_decimal.tlog\cl.write.1.tlog
e:\shyloo\src\sllib\python\pcbuild\win32-temp-debug\_decimal\_decimal.tlog\link.command.1.tlog
e:\shyloo\src\sllib\python\pcbuild\win32-temp-debug\_decimal\_decimal.tlog\link.read.1.tlog
e:\shyloo\src\sllib\python\pcbuild\win32-temp-debug\_decimal\_decimal.tlog\link.write.1.tlog
e:\shyloo\src\sllib\python\pcbuild\win32-temp-debug\_decimal\_decimal.tlog\_decimal.write.1u.tlog
