[1970-01-01 08:00:00.000000][trace]log file write 7 ok!
[1970-01-01 08:00:00.000000][trace]log file write 7 ok!
log file write 7 ok! (e:\myproject\shyloo\sllib\test_just.cpp:7)[1970-01-01 08:00:00.000000][trace]log file write 7 ok! (e:\myproject\shyloo\sllib\test_just.cpp:7)
[1970-01-01 08:00:00.000000][trace]log file write 7 ok! (e:\myproject\shyloo\sllib\test_just.cpp:7)
[1970-01-01 08:00:00.000000][trace]log file write 7 ok! (e:\myproject\shyloo\sllib\test_just.cpp:7)
[1970-01-01 08:00:00.000000][trace]log file write 7 ok! (e:\myproject\shyloo\sllib\test_just.cpp:7)
[1970-01-01 08:00:00.000000][warn]put buf to queue failed! len = 12, left len = -6 (e:\myproject\shyloo\sllib\slcode_queue.h:81)
[1970-01-01 08:00:00.000000][trace]log file write 7 ok! (e:\myproject\shyloo\sllib\test_just.cpp:7)
[1970-01-01 08:00:00.000000][warn]put buf to queue failed! len = 12, left len = -6 (e:\myproject\shyloo\sllib\slcode_queue.h:81)
[1970-01-01 08:00:00.000000][trace]log file write 7 ok! (e:\myproject\shyloo\sllib\test_just.cpp:7)
[1970-01-01 08:00:00.000000][warn]put buf to queue failed! len = 12, left len = -6 (e:\myproject\shyloo\sllib\slcode_queue.h:81)
[1970-01-01 08:00:00.000000][trace]log file write 7 ok! (e:\myproject\shyloo\sllib\test_just.cpp:7)
[1970-01-01 08:00:00.000000][trace]log file write 7 ok! (e:\myproject\shyloo\sllib\test_just.cpp:7)
[1970-01-01 08:00:00.000000][trace]log file write 7 ok! (e:\myproject\shyloo\sllib\test_just.cpp:7)
[1970-01-01 08:00:00.000000][trace]log file write 7 ok! (e:\myproject\shyloo\sllib\test_just.cpp:7)
[1970-01-01 08:00:00.000000][trace]log file write 7 ok! (e:\myproject\shyloo\sllib\test_just.cpp:7)
[1970-01-01 08:00:00.000000][trace]log file write 7 ok! (e:\myproject\shyloo\sllib\test_just.cpp:7)
[1970-01-01 08:00:00.000000][trace]log file write 7 ok! (e:\myproject\shyloo\sllib\test_just.cpp:7)
[1970-01-01 08:00:00.000000][trace]log file write 7 ok! (e:\myproject\shyloo\sllib\test_just.cpp:7)
[1970-01-01 08:00:00.000000][trace]log file write 7 ok! (e:\myproject\shyloo\sllib\test_just.cpp:7)
[1970-01-01 08:00:00.000000][trace]log file write 7 ok! (e:\myproject\shyloo\sllib\test_just.cpp:7)
[1970-01-01 08:00:00.000000][trace]log file write 7 ok! (e:\myproject\shyloo\sllib\test_code_queue.cpp:7)
[1970-01-01 08:00:00.000000][trace]log file write 7 ok! (e:\myproject\shyloo\sllib\test_code_queue.cpp:7)
[1970-01-01 08:00:00.000000][trace]log file write 7 ok! (e:\myproject\shyloo\sllib\test_code_queue.cpp:7)
[1970-01-01 08:00:00.000000][trace]log file write 7 ok! (e:\myproject\shyloo\sllib\test_code_queue.cpp:7)
[1970-01-01 08:00:00.000000][trace]log file write 7 ok! (e:\myproject\shyloo\sllib\test_code_queue.cpp:7)
[1970-01-01 08:00:00.000000][trace]log file write 7 ok! (e:\myproject\shyloo\sllib\test_code_queue.cpp:7)
[1970-01-01 08:00:00.000000][trace]log file write 7 ok! (e:\myproject\shyloo\sllib\test_code_queue.cpp:7)
[1970-01-01 08:00:00.000000][trace]log file write 7 ok! (e:\myproject\shyloo\sllib\test_code_queue.cpp:7)
[1970-01-01 08:00:00.000000][trace]log file write 7 ok! (e:\myproject\shyloo\sllib\test_code_queue.cpp:7)
[1970-01-01 08:00:00.000000][trace]log file write 7 ok! (e:\myproject\shyloo\sllib\test_code_queue.cpp:7)
[1970-01-01 08:00:00.000000][trace]log file write 7 ok! (e:\myproject\shyloo\sllib\test_code_queue.cpp:7)
[1970-01-01 08:00:00.000000][trace]log file write 7 ok! (e:\myproject\shyloo\sllib\test_code_queue.cpp:7)
[1970-01-01 08:00:00.000000][trace]log file write 7 ok! (e:\myproject\shyloo\sllib\test_code_queue.cpp:7)
[1970-01-01 08:00:00.000000][trace]log file write 7 ok! (e:\myproject\shyloo\sllib\test_code_queue.cpp:7)
[1970-01-01 08:00:00.000000][trace]log file write 7 ok! (e:\myproject\shyloo\sllib\test_code_queue.cpp:7)
[1970-01-01 08:00:00.000000][trace]log file write 7 ok! (e:\myproject\shyloo\sllib\test_code_queue.cpp:7)
[1970-01-01 08:00:00.000000][trace]log file write 7 ok! (e:\myproject\shyloo\sllib\test_code_queue.cpp:7)
[1970-01-01 08:00:00.000000][trace]log file write 7 ok! (e:\myproject\shyloo\sllib\test_code_queue.cpp:7)
[1970-01-01 08:00:00.000000][trace]log file write 7 ok! (e:\myproject\shyloo\sllib\test_code_queue.cpp:7)
[1970-01-01 08:00:00.000000][trace]log file write 7 ok! (e:\myproject\shyloo\sllib\test_code_queue.cpp:7)
[1970-01-01 08:00:00.000000][trace]log file write 7 ok! (d:\workspace\shyloo\sllib\test_code_queue.cpp:7)
[1970-01-01 08:00:00.000000][trace]log file write 7 ok! (d:\workspace\shyloo\sllib\test_code_queue.cpp:7)
