生成启动时间为 2017/11/28 13:27:11。
     1>项目“E:\shyloo\src\sllib\python\PCbuild\pythoncore.vcxproj”在节点 2 上(Build 个目标)。
     1>PreBuildEvent:
         E:\shyloo\src\sllib\python\PCbuild\amd64\kill_python_d.exe
         IF %ERRORLEVEL% NEQ 0 (
             echo kill_python: war^ning: could not kill running Pythons, exit code %ERRORLEVEL%
             exit /b 0
         )
         :VCEnd
       ClCompile:
         C:\Program Files (x86)\Microsoft Visual Studio 12.0\VC\bin\x86_amd64\CL.exe /c /I..\Python /I..\Modules\zlib /I..\Include /I..\PC /Zi /nologo /W3 /WX- /Od /D _USRDLL /D Py_BUILD_CORE /D Py_ENABLE_SHARED /D WIN32 /D _WIN64 /D _M_X64 /D _WIN32 /D _DEBUG /D _WINDLL /GF /Gm- /MDd /GS- /Gy /fp:precise /Zc:wchar_t /Zc:forScope /Fo"E:\shyloo\src\sllib\python\PCbuild\x64-temp-Debug\pythoncore\\" /Fd"E:\shyloo\src\sllib\python\PCbuild\x64-temp-Debug\pythoncore\vc120.pdb" /Gd /TC /errorReport:prompt /Zm200  ..\Modules\_bisectmodule.c ..\Modules\_codecsmodule.c ..\Modules\_collectionsmodule.c ..\Modules\_csv.c ..\Modules\_functoolsmodule.c ..\Modules\_heapqmodule.c ..\Modules\_json.c ..\Modules\_localemodule.c ..\Modules\_lsprof.c ..\Modules\_math.c ..\Modules\_pickle.c ..\Modules\_randommodule.c ..\Modules\_sre.c ..\Modules\_stat.c ..\Modules\_struct.c ..\Modules\_weakref.c ..\Modules\arraymodule.c ..\Modules\atexitmodule.c ..\Modules\audioop.c ..\Modules\binascii.c ..\Modules\cmathmodule.c ..\Modules\_datetimemodule.c ..\Modules\errnomodule.c ..\Modules\faulthandler.c ..\Modules\gcmodule.c ..\Modules\hashtable.c ..\Modules\itertoolsmodule.c ..\Modules\main.c ..\Modules\mathmodule.c ..\Modules\md5module.c ..\Modules\mmapmodule.c ..\Modules\_opcode.c ..\Modules\_operator.c ..\Modules\parsermodule.c ..\Modules\posixmodule.c ..\Modules\rotatingtree.c ..\Modules\sha1module.c ..\Modules\sha256module.c ..\Modules\sha512module.c ..\Modules\signalmodule.c ..\Modules\symtablemodule.c ..\Modules\_threadmodule.c ..\Modules\_tracemalloc.c ..\Modules\timemodule.c ..\Modules\xxsubtype.c ..\Modules\zipimport.c ..\Modules\zlibmodule.c ..\Modules\_io\fileio.c ..\Modules\_io\bytesio.c ..\Modules\_io\stringio.c ..\Modules\_io\bufferedio.c ..\Modules\_io\iobase.c ..\Modules\_io\textio.c ..\Modules\_io\_iomodule.c ..\Modules\zlib\adler32.c ..\Modules\zlib\compress.c ..\Modules\zlib\crc32.c ..\Modules\zlib\deflate.c ..\Modules\zlib\infback.c ..\Modules\zlib\inffast.c ..\Modules\zlib\inflate.c ..\Modules\zlib\inftrees.c ..\Modules\zlib\trees.c ..\Modules\zlib\uncompr.c ..\Modules\zlib\zutil.c ..\Modules\cjkcodecs\_codecs_cn.c ..\Modules\cjkcodecs\_codecs_hk.c ..\Modules\cjkcodecs\_codecs_iso2022.c ..\Modules\cjkcodecs\_codecs_jp.c ..\Modules\cjkcodecs\_codecs_kr.c ..\Modules\cjkcodecs\_codecs_tw.c ..\Modules\cjkcodecs\multibytecodec.c ..\Modules\_winapi.c ..\Objects\abstract.c ..\Objects\accu.c ..\Objects\boolobject.c ..\Objects\bytes_methods.c ..\Objects\bytearrayobject.c ..\Objects\bytesobject.c ..\Objects\capsule.c ..\Objects\cellobject.c ..\Objects\classobject.c ..\Objects\codeobject.c ..\Objects\complexobject.c ..\Objects\descrobject.c ..\Objects\dictobject.c ..\Objects\enumobject.c ..\Objects\exceptions.c ..\Objects\fileobject.c ..\Objects\floatobject.c ..\Objects\frameobject.c ..\Objects\funcobject.c ..\Objects\genobject.c ..\Objects\iterobject.c ..\Objects\listobject.c ..\Objects\longobject.c ..\Objects\memoryobject.c ..\Objects\methodobject.c ..\Objects\moduleobject.c ..\Objects\namespaceobject.c ..\Objects\object.c ..\Objects\obmalloc.c ..\Objects\rangeobject.c ..\Objects\setobject.c ..\Objects\sliceobject.c ..\Objects\structseq.c ..\Objects\tupleobject.c ..\Objects\typeobject.c ..\Objects\unicodectype.c ..\Objects\unicodeobject.c ..\Objects\weakrefobject.c ..\Parser\acceler.c ..\Parser\bitset.c ..\Parser\firstsets.c ..\Parser\grammar.c ..\Parser\grammar1.c ..\Parser\listnode.c ..\Parser\metagrammar.c ..\Parser\myreadline.c ..\Parser\node.c ..\Parser\parser.c ..\Parser\parsetok.c ..\Parser\tokenizer.c ..\PC\winreg.c ..\PC\config.c ..\PC\dl_nt.c ..\PC\getpathp.c ..\PC\msvcrtmodule.c ..\Python\pyhash.c ..\Python\random.c ..\Python\_warnings.c ..\Python\asdl.c ..\Python\ast.c ..\Python\bltinmodule.c ..\Python\ceval.c ..\Python\codecs.c ..\Python\compile.c ..\Python\dynamic_annotations.c ..\Python\dynload_win.c ..\Python\errors.c ..\Python\fileutils.c ..\Python\formatter_unicode.c ..\Python\frozen.c ..\Python\future.c ..\Python\getargs.c ..\Python\getcompiler.c ..\Python\getcopyright.c ..\Python\getopt.c ..\Python\getplatform.c ..\Python\getversion.c ..\Python\graminit.c ..\Python\import.c ..\Python\importdl.c ..\Python\marshal.c ..\Python\modsupport.c ..\Python\mysnprintf.c ..\Python\mystrtoul.c ..\Python\peephole.c ..\Python\pyarena.c ..\Python\pyctype.c ..\Python\pyfpe.c ..\Python\pymath.c ..\Python\pytime.c ..\Python\pystate.c ..\Python\pystrcmp.c ..\Python\pystrtod.c ..\Python\dtoa.c "..\Python\Python-ast.c" ..\Python\pythonrun.c ..\Python\structmember.c ..\Python\symtable.c ..\Python\sysmodule.c ..\Python\thread.c ..\Python\traceback.c
         _bisectmodule.c
         _codecsmodule.c
         _collectionsmodule.c
         _csv.c
         _functoolsmodule.c
         _heapqmodule.c
         _json.c
         _localemodule.c
         _lsprof.c
         _math.c
         _pickle.c
     1>..\Modules\_pickle.c(4940): warning C4244: “函数”: 从“Py_ssize_t”转换到“int”，可能丢失数据
         _randommodule.c
         _sre.c
         _stat.c
         _struct.c
         _weakref.c
         arraymodule.c
         atexitmodule.c
         audioop.c
         binascii.c
         正在生成代码...
         正在编译...
         cmathmodule.c
         _datetimemodule.c
         errnomodule.c
         faulthandler.c
         gcmodule.c
         hashtable.c
         itertoolsmodule.c
         main.c
         mathmodule.c
         md5module.c
         mmapmodule.c
         _opcode.c
         _operator.c
         parsermodule.c
         posixmodule.c
     1>..\Modules\posixmodule.c(3472): warning C4267: “函数”: 从“size_t”转换到“int”，可能丢失数据
         rotatingtree.c
         sha1module.c
         sha256module.c
         sha512module.c
         signalmodule.c
         正在生成代码...
         正在编译...
         symtablemodule.c
         _threadmodule.c
         _tracemalloc.c
         timemodule.c
     1>..\Modules\timemodule.c(1518): warning C4996: 'GetVersionExA': 被声明为已否决
                 C:\Program Files (x86)\Windows Kits\8.1\Include\um\sysinfoapi.h(433) : 参见“GetVersionExA”的声明
         xxsubtype.c
         zipimport.c
     1>..\Modules\zipimport.c(912): warning C4244: “函数”: 从“Py_ssize_t”转换到“long”，可能丢失数据
         zlibmodule.c
         fileio.c
         bytesio.c
         stringio.c
         bufferedio.c
     1>..\Modules\_io\bufferedio.c(321): warning C4244: “函数”: 从“double”转换到“__int64”，可能丢失数据
         iobase.c
         textio.c
         _iomodule.c
         adler32.c
         compress.c
         crc32.c
         deflate.c
         infback.c
         inffast.c
         正在生成代码...
         正在编译...
         inflate.c
         inftrees.c
         trees.c
         uncompr.c
         zutil.c
         _codecs_cn.c
         _codecs_hk.c
         _codecs_iso2022.c
         _codecs_jp.c
         _codecs_kr.c
         _codecs_tw.c
         multibytecodec.c
         _winapi.c
     1>..\Modules\_winapi.c(890): warning C4996: 'GetVersion': 被声明为已否决
                 C:\Program Files (x86)\Windows Kits\8.1\Include\um\sysinfoapi.h(110) : 参见“GetVersion”的声明
         abstract.c
         accu.c
         boolobject.c
         bytes_methods.c
         bytearrayobject.c
         bytesobject.c
         capsule.c
         正在生成代码...
         正在编译...
         cellobject.c
         classobject.c
         codeobject.c
     1>..\Objects\codeobject.c(111): warning C4244: “=”: 从“Py_ssize_t”转换到“unsigned char”，可能丢失数据
         complexobject.c
         descrobject.c
         dictobject.c
         enumobject.c
         exceptions.c
         fileobject.c
         floatobject.c
         frameobject.c
         funcobject.c
     1>..\Objects\funcobject.c(635): warning C4244: “函数”: 从“Py_ssize_t”转换到“int”，可能丢失数据
     1>..\Objects\funcobject.c(636): warning C4244: “函数”: 从“Py_ssize_t”转换到“int”，可能丢失数据
         genobject.c
         iterobject.c
         listobject.c
         longobject.c
         memoryobject.c
         methodobject.c
         moduleobject.c
         namespaceobject.c
         正在生成代码...
         正在编译...
         object.c
         obmalloc.c
     1>..\Objects\obmalloc.c(1284): warning C4244: “=”: 从“__int64”转换到“unsigned int”，可能丢失数据
         rangeobject.c
         setobject.c
         sliceobject.c
         structseq.c
         tupleobject.c
         typeobject.c
         unicodectype.c
         unicodeobject.c
     1>..\Objects\unicodeobject.c(15003): warning C4996: 'GetVersionExA': 被声明为已否决
                 C:\Program Files (x86)\Windows Kits\8.1\Include\um\sysinfoapi.h(433) : 参见“GetVersionExA”的声明
         weakrefobject.c
         acceler.c
         bitset.c
         firstsets.c
         grammar.c
         grammar1.c
         listnode.c
         metagrammar.c
         myreadline.c
         node.c
         正在生成代码...
         正在编译...
         parser.c
         parsetok.c
         tokenizer.c
         winreg.c
         config.c
         dl_nt.c
         getpathp.c
         msvcrtmodule.c
         pyhash.c
         random.c
         _warnings.c
         asdl.c
         ast.c
         bltinmodule.c
         ceval.c
     1>..\Python\ceval.c(4342): warning C4244: “=”: 从“Py_ssize_t”转换到“int”，可能丢失数据
     1>..\Python\ceval.c(4530): warning C4244: “=”: 从“Py_ssize_t”转换到“int”，可能丢失数据
         codecs.c
         compile.c
         dynamic_annotations.c
         dynload_win.c
         errors.c
         正在生成代码...
         正在编译...
         fileutils.c
         formatter_unicode.c
         frozen.c
         future.c
         getargs.c
         getcompiler.c
         getcopyright.c
         getopt.c
         getplatform.c
         getversion.c
         graminit.c
         import.c
         importdl.c
         marshal.c
     1>..\Python\marshal.c(1051): warning C4819: 该文件包含不能在当前代码页(936)中表示的字符。请将该文件保存为 Unicode 格式以防止数据丢失
         modsupport.c
         mysnprintf.c
         mystrtoul.c
         peephole.c
     1>..\Python\peephole.c(134): warning C4244: “=”: 从“Py_ssize_t”转换到“unsigned char”，可能丢失数据
     1>..\Python\peephole.c(234): warning C4244: “=”: 从“Py_ssize_t”转换到“unsigned char”，可能丢失数据
     1>..\Python\peephole.c(286): warning C4244: “=”: 从“Py_ssize_t”转换到“unsigned char”，可能丢失数据
     1>..\Python\peephole.c(373): warning C4244: “=”: 从“Py_ssize_t”转换到“int”，可能丢失数据
     1>..\Python\peephole.c(432): warning C4244: “=”: 从“Py_ssize_t”转换到“unsigned char”，可能丢失数据
     1>..\Python\peephole.c(447): warning C4244: “=”: 从“Py_ssize_t”转换到“unsigned char”，可能丢失数据
     1>..\Python\peephole.c(476): warning C4244: “=”: 从“Py_ssize_t”转换到“int”，可能丢失数据
     1>..\Python\peephole.c(529): warning C4244: “=”: 从“Py_ssize_t”转换到“int”，可能丢失数据
     1>..\Python\peephole.c(547): warning C4244: “=”: 从“Py_ssize_t”转换到“int”，可能丢失数据
     1>..\Python\peephole.c(575): warning C4244: “=”: 从“Py_ssize_t”转换到“int”，可能丢失数据
     1>..\Python\peephole.c(586): warning C4244: “=”: 从“Py_ssize_t”转换到“unsigned char”，可能丢失数据
     1>..\Python\peephole.c(618): warning C4244: “=”: 从“Py_ssize_t”转换到“int”，可能丢失数据
     1>..\Python\peephole.c(632): warning C4244: “-=”: 从“Py_ssize_t”转换到“int”，可能丢失数据
     1>..\Python\peephole.c(663): warning C4244: “=”: 从“Py_ssize_t”转换到“int”，可能丢失数据
     1>..\Python\peephole.c(692): warning C4244: “=”: 从“Py_ssize_t”转换到“unsigned char”，可能丢失数据
     1>..\Python\peephole.c(702): warning C4244: “=”: 从“Py_ssize_t”转换到“unsigned char”，可能丢失数据
         pyarena.c
         pyctype.c
         正在生成代码...
         正在编译...
         pyfpe.c
         pymath.c
         pytime.c
         pystate.c
         pystrcmp.c
         pystrtod.c
         dtoa.c
         Python-ast.c
         pythonrun.c
         structmember.c
         symtable.c
         sysmodule.c
     1>..\Python\sysmodule.c(782): warning C4996: 'GetVersionExA': 被声明为已否决
                 C:\Program Files (x86)\Windows Kits\8.1\Include\um\sysinfoapi.h(433) : 参见“GetVersionExA”的声明
         thread.c
         traceback.c
         正在生成代码...
       ResourceCompile:
         C:\Program Files (x86)\Windows Kits\8.1\bin\x86\rc.exe /D _DEBUG /D _DEBUG /l"0x0409" /I..\Include /I..\PC /I..\Include /nologo /fo"E:\shyloo\src\sllib\python\PCbuild\x64-temp-Debug\pythoncore\python_nt.res" ..\PC\python_nt.rc 
       PreLinkEvent:
         "E:\shyloo\src\sllib\python\PCbuild\make_buildinfo.exe" Debug "E:\shyloo\src\sllib\python\PCbuild\x64-temp-Debug\pythoncore\"
         :VCEnd
         'hg' 不是内部或外部命令，也不是可运行的程序
         或批处理文件。
         cl.exe -c -D_WIN32 -DUSE_DL_EXPORT -D_WINDOWS -DWIN32 -D_WINDLL -D_DEBUG -MDd ..\Modules\getbuildinfo.c -Fo"E:\shyloo\src\sllib\python\PCbuild\x64-temp-Debug\pythoncore\getbuildinfo.o" -I..\Include -I..\PC
         用于 x64 的 Microsoft (R) C/C++ 优化编译器 18.00.21005.1 版
         版权所有(C) Microsoft Corporation。  保留所有权利。
         
         getbuildinfo.c
       Link:
         C:\Program Files (x86)\Microsoft Visual Studio 12.0\VC\bin\x86_amd64\link.exe /ERRORREPORT:PROMPT /OUT:"E:\shyloo\src\sllib\python\PCbuild\amd64\python34_d.dll" /NOLOGO /LIBPATH:E:\shyloo\src\sllib\python\PCbuild\amd64\ "E:\shyloo\src\sllib\python\PCbuild\x64-temp-Debug\pythoncore\getbuildinfo.o" kernel32.lib user32.lib gdi32.lib winspool.lib comdlg32.lib advapi32.lib shell32.lib ole32.lib oleaut32.lib uuid.lib odbc32.lib odbccp32.lib /NODEFAULTLIB:libc /MANIFEST /MANIFESTUAC:"level='asInvoker' uiAccess='false'" /manifest:embed /DEBUG /PDB:"E:\shyloo\src\sllib\python\PCbuild\amd64\python34_d.pdb" /SUBSYSTEM:WINDOWS /TLBID:1 /BASE:"0x1e000000" /DYNAMICBASE /NXCOMPAT /IMPLIB:"E:\shyloo\src\sllib\python\PCbuild\amd64\python34_d.lib" /MACHINE:X64 /DLL "E:\shyloo\src\sllib\python\PCbuild\x64-temp-Debug\pythoncore\python_nt.res"
         "E:\shyloo\src\sllib\python\PCbuild\x64-temp-Debug\pythoncore\_bisectmodule.obj"
         "E:\shyloo\src\sllib\python\PCbuild\x64-temp-Debug\pythoncore\_codecsmodule.obj"
         "E:\shyloo\src\sllib\python\PCbuild\x64-temp-Debug\pythoncore\_collectionsmodule.obj"
         "E:\shyloo\src\sllib\python\PCbuild\x64-temp-Debug\pythoncore\_csv.obj"
         "E:\shyloo\src\sllib\python\PCbuild\x64-temp-Debug\pythoncore\_functoolsmodule.obj"
         "E:\shyloo\src\sllib\python\PCbuild\x64-temp-Debug\pythoncore\_heapqmodule.obj"
         "E:\shyloo\src\sllib\python\PCbuild\x64-temp-Debug\pythoncore\_json.obj"
         "E:\shyloo\src\sllib\python\PCbuild\x64-temp-Debug\pythoncore\_localemodule.obj"
         "E:\shyloo\src\sllib\python\PCbuild\x64-temp-Debug\pythoncore\_lsprof.obj"
         "E:\shyloo\src\sllib\python\PCbuild\x64-temp-Debug\pythoncore\_math.obj"
         "E:\shyloo\src\sllib\python\PCbuild\x64-temp-Debug\pythoncore\_pickle.obj"
         "E:\shyloo\src\sllib\python\PCbuild\x64-temp-Debug\pythoncore\_randommodule.obj"
         "E:\shyloo\src\sllib\python\PCbuild\x64-temp-Debug\pythoncore\_sre.obj"
         "E:\shyloo\src\sllib\python\PCbuild\x64-temp-Debug\pythoncore\_stat.obj"
         "E:\shyloo\src\sllib\python\PCbuild\x64-temp-Debug\pythoncore\_struct.obj"
         "E:\shyloo\src\sllib\python\PCbuild\x64-temp-Debug\pythoncore\_weakref.obj"
         "E:\shyloo\src\sllib\python\PCbuild\x64-temp-Debug\pythoncore\arraymodule.obj"
         "E:\shyloo\src\sllib\python\PCbuild\x64-temp-Debug\pythoncore\atexitmodule.obj"
         "E:\shyloo\src\sllib\python\PCbuild\x64-temp-Debug\pythoncore\audioop.obj"
         "E:\shyloo\src\sllib\python\PCbuild\x64-temp-Debug\pythoncore\binascii.obj"
         "E:\shyloo\src\sllib\python\PCbuild\x64-temp-Debug\pythoncore\cmathmodule.obj"
         "E:\shyloo\src\sllib\python\PCbuild\x64-temp-Debug\pythoncore\_datetimemodule.obj"
         "E:\shyloo\src\sllib\python\PCbuild\x64-temp-Debug\pythoncore\errnomodule.obj"
         "E:\shyloo\src\sllib\python\PCbuild\x64-temp-Debug\pythoncore\faulthandler.obj"
         "E:\shyloo\src\sllib\python\PCbuild\x64-temp-Debug\pythoncore\gcmodule.obj"
         "E:\shyloo\src\sllib\python\PCbuild\x64-temp-Debug\pythoncore\hashtable.obj"
         "E:\shyloo\src\sllib\python\PCbuild\x64-temp-Debug\pythoncore\itertoolsmodule.obj"
         "E:\shyloo\src\sllib\python\PCbuild\x64-temp-Debug\pythoncore\main.obj"
         "E:\shyloo\src\sllib\python\PCbuild\x64-temp-Debug\pythoncore\mathmodule.obj"
         "E:\shyloo\src\sllib\python\PCbuild\x64-temp-Debug\pythoncore\md5module.obj"
         "E:\shyloo\src\sllib\python\PCbuild\x64-temp-Debug\pythoncore\mmapmodule.obj"
         "E:\shyloo\src\sllib\python\PCbuild\x64-temp-Debug\pythoncore\_opcode.obj"
         "E:\shyloo\src\sllib\python\PCbuild\x64-temp-Debug\pythoncore\_operator.obj"
         "E:\shyloo\src\sllib\python\PCbuild\x64-temp-Debug\pythoncore\parsermodule.obj"
         "E:\shyloo\src\sllib\python\PCbuild\x64-temp-Debug\pythoncore\posixmodule.obj"
         "E:\shyloo\src\sllib\python\PCbuild\x64-temp-Debug\pythoncore\rotatingtree.obj"
         "E:\shyloo\src\sllib\python\PCbuild\x64-temp-Debug\pythoncore\sha1module.obj"
         "E:\shyloo\src\sllib\python\PCbuild\x64-temp-Debug\pythoncore\sha256module.obj"
         "E:\shyloo\src\sllib\python\PCbuild\x64-temp-Debug\pythoncore\sha512module.obj"
         "E:\shyloo\src\sllib\python\PCbuild\x64-temp-Debug\pythoncore\signalmodule.obj"
         "E:\shyloo\src\sllib\python\PCbuild\x64-temp-Debug\pythoncore\symtablemodule.obj"
         "E:\shyloo\src\sllib\python\PCbuild\x64-temp-Debug\pythoncore\_threadmodule.obj"
         "E:\shyloo\src\sllib\python\PCbuild\x64-temp-Debug\pythoncore\_tracemalloc.obj"
         "E:\shyloo\src\sllib\python\PCbuild\x64-temp-Debug\pythoncore\timemodule.obj"
         "E:\shyloo\src\sllib\python\PCbuild\x64-temp-Debug\pythoncore\xxsubtype.obj"
         "E:\shyloo\src\sllib\python\PCbuild\x64-temp-Debug\pythoncore\zipimport.obj"
         "E:\shyloo\src\sllib\python\PCbuild\x64-temp-Debug\pythoncore\zlibmodule.obj"
         "E:\shyloo\src\sllib\python\PCbuild\x64-temp-Debug\pythoncore\fileio.obj"
         "E:\shyloo\src\sllib\python\PCbuild\x64-temp-Debug\pythoncore\bytesio.obj"
         "E:\shyloo\src\sllib\python\PCbuild\x64-temp-Debug\pythoncore\stringio.obj"
         "E:\shyloo\src\sllib\python\PCbuild\x64-temp-Debug\pythoncore\bufferedio.obj"
         "E:\shyloo\src\sllib\python\PCbuild\x64-temp-Debug\pythoncore\iobase.obj"
         "E:\shyloo\src\sllib\python\PCbuild\x64-temp-Debug\pythoncore\textio.obj"
         "E:\shyloo\src\sllib\python\PCbuild\x64-temp-Debug\pythoncore\_iomodule.obj"
         "E:\shyloo\src\sllib\python\PCbuild\x64-temp-Debug\pythoncore\adler32.obj"
         "E:\shyloo\src\sllib\python\PCbuild\x64-temp-Debug\pythoncore\compress.obj"
         "E:\shyloo\src\sllib\python\PCbuild\x64-temp-Debug\pythoncore\crc32.obj"
         "E:\shyloo\src\sllib\python\PCbuild\x64-temp-Debug\pythoncore\deflate.obj"
         "E:\shyloo\src\sllib\python\PCbuild\x64-temp-Debug\pythoncore\infback.obj"
         "E:\shyloo\src\sllib\python\PCbuild\x64-temp-Debug\pythoncore\inffast.obj"
         "E:\shyloo\src\sllib\python\PCbuild\x64-temp-Debug\pythoncore\inflate.obj"
         "E:\shyloo\src\sllib\python\PCbuild\x64-temp-Debug\pythoncore\inftrees.obj"
         "E:\shyloo\src\sllib\python\PCbuild\x64-temp-Debug\pythoncore\trees.obj"
         "E:\shyloo\src\sllib\python\PCbuild\x64-temp-Debug\pythoncore\uncompr.obj"
         "E:\shyloo\src\sllib\python\PCbuild\x64-temp-Debug\pythoncore\zutil.obj"
         "E:\shyloo\src\sllib\python\PCbuild\x64-temp-Debug\pythoncore\_codecs_cn.obj"
         "E:\shyloo\src\sllib\python\PCbuild\x64-temp-Debug\pythoncore\_codecs_hk.obj"
         "E:\shyloo\src\sllib\python\PCbuild\x64-temp-Debug\pythoncore\_codecs_iso2022.obj"
         "E:\shyloo\src\sllib\python\PCbuild\x64-temp-Debug\pythoncore\_codecs_jp.obj"
         "E:\shyloo\src\sllib\python\PCbuild\x64-temp-Debug\pythoncore\_codecs_kr.obj"
         "E:\shyloo\src\sllib\python\PCbuild\x64-temp-Debug\pythoncore\_codecs_tw.obj"
         "E:\shyloo\src\sllib\python\PCbuild\x64-temp-Debug\pythoncore\multibytecodec.obj"
         "E:\shyloo\src\sllib\python\PCbuild\x64-temp-Debug\pythoncore\_winapi.obj"
         "E:\shyloo\src\sllib\python\PCbuild\x64-temp-Debug\pythoncore\abstract.obj"
         "E:\shyloo\src\sllib\python\PCbuild\x64-temp-Debug\pythoncore\accu.obj"
         "E:\shyloo\src\sllib\python\PCbuild\x64-temp-Debug\pythoncore\boolobject.obj"
         "E:\shyloo\src\sllib\python\PCbuild\x64-temp-Debug\pythoncore\bytes_methods.obj"
         "E:\shyloo\src\sllib\python\PCbuild\x64-temp-Debug\pythoncore\bytearrayobject.obj"
         "E:\shyloo\src\sllib\python\PCbuild\x64-temp-Debug\pythoncore\bytesobject.obj"
         "E:\shyloo\src\sllib\python\PCbuild\x64-temp-Debug\pythoncore\capsule.obj"
         "E:\shyloo\src\sllib\python\PCbuild\x64-temp-Debug\pythoncore\cellobject.obj"
         "E:\shyloo\src\sllib\python\PCbuild\x64-temp-Debug\pythoncore\classobject.obj"
         "E:\shyloo\src\sllib\python\PCbuild\x64-temp-Debug\pythoncore\codeobject.obj"
         "E:\shyloo\src\sllib\python\PCbuild\x64-temp-Debug\pythoncore\complexobject.obj"
         "E:\shyloo\src\sllib\python\PCbuild\x64-temp-Debug\pythoncore\descrobject.obj"
         "E:\shyloo\src\sllib\python\PCbuild\x64-temp-Debug\pythoncore\dictobject.obj"
         "E:\shyloo\src\sllib\python\PCbuild\x64-temp-Debug\pythoncore\enumobject.obj"
         "E:\shyloo\src\sllib\python\PCbuild\x64-temp-Debug\pythoncore\exceptions.obj"
         "E:\shyloo\src\sllib\python\PCbuild\x64-temp-Debug\pythoncore\fileobject.obj"
         "E:\shyloo\src\sllib\python\PCbuild\x64-temp-Debug\pythoncore\floatobject.obj"
         "E:\shyloo\src\sllib\python\PCbuild\x64-temp-Debug\pythoncore\frameobject.obj"
         "E:\shyloo\src\sllib\python\PCbuild\x64-temp-Debug\pythoncore\funcobject.obj"
         "E:\shyloo\src\sllib\python\PCbuild\x64-temp-Debug\pythoncore\genobject.obj"
         "E:\shyloo\src\sllib\python\PCbuild\x64-temp-Debug\pythoncore\iterobject.obj"
         "E:\shyloo\src\sllib\python\PCbuild\x64-temp-Debug\pythoncore\listobject.obj"
         "E:\shyloo\src\sllib\python\PCbuild\x64-temp-Debug\pythoncore\longobject.obj"
         "E:\shyloo\src\sllib\python\PCbuild\x64-temp-Debug\pythoncore\memoryobject.obj"
         "E:\shyloo\src\sllib\python\PCbuild\x64-temp-Debug\pythoncore\methodobject.obj"
         "E:\shyloo\src\sllib\python\PCbuild\x64-temp-Debug\pythoncore\moduleobject.obj"
         "E:\shyloo\src\sllib\python\PCbuild\x64-temp-Debug\pythoncore\namespaceobject.obj"
         "E:\shyloo\src\sllib\python\PCbuild\x64-temp-Debug\pythoncore\object.obj"
         "E:\shyloo\src\sllib\python\PCbuild\x64-temp-Debug\pythoncore\obmalloc.obj"
         "E:\shyloo\src\sllib\python\PCbuild\x64-temp-Debug\pythoncore\rangeobject.obj"
         "E:\shyloo\src\sllib\python\PCbuild\x64-temp-Debug\pythoncore\setobject.obj"
         "E:\shyloo\src\sllib\python\PCbuild\x64-temp-Debug\pythoncore\sliceobject.obj"
         "E:\shyloo\src\sllib\python\PCbuild\x64-temp-Debug\pythoncore\structseq.obj"
         "E:\shyloo\src\sllib\python\PCbuild\x64-temp-Debug\pythoncore\tupleobject.obj"
         "E:\shyloo\src\sllib\python\PCbuild\x64-temp-Debug\pythoncore\typeobject.obj"
         "E:\shyloo\src\sllib\python\PCbuild\x64-temp-Debug\pythoncore\unicodectype.obj"
         "E:\shyloo\src\sllib\python\PCbuild\x64-temp-Debug\pythoncore\unicodeobject.obj"
         "E:\shyloo\src\sllib\python\PCbuild\x64-temp-Debug\pythoncore\weakrefobject.obj"
         "E:\shyloo\src\sllib\python\PCbuild\x64-temp-Debug\pythoncore\acceler.obj"
         "E:\shyloo\src\sllib\python\PCbuild\x64-temp-Debug\pythoncore\bitset.obj"
         "E:\shyloo\src\sllib\python\PCbuild\x64-temp-Debug\pythoncore\firstsets.obj"
         "E:\shyloo\src\sllib\python\PCbuild\x64-temp-Debug\pythoncore\grammar.obj"
         "E:\shyloo\src\sllib\python\PCbuild\x64-temp-Debug\pythoncore\grammar1.obj"
         "E:\shyloo\src\sllib\python\PCbuild\x64-temp-Debug\pythoncore\listnode.obj"
         "E:\shyloo\src\sllib\python\PCbuild\x64-temp-Debug\pythoncore\metagrammar.obj"
         "E:\shyloo\src\sllib\python\PCbuild\x64-temp-Debug\pythoncore\myreadline.obj"
         "E:\shyloo\src\sllib\python\PCbuild\x64-temp-Debug\pythoncore\node.obj"
         "E:\shyloo\src\sllib\python\PCbuild\x64-temp-Debug\pythoncore\parser.obj"
         "E:\shyloo\src\sllib\python\PCbuild\x64-temp-Debug\pythoncore\parsetok.obj"
         "E:\shyloo\src\sllib\python\PCbuild\x64-temp-Debug\pythoncore\tokenizer.obj"
         "E:\shyloo\src\sllib\python\PCbuild\x64-temp-Debug\pythoncore\winreg.obj"
         "E:\shyloo\src\sllib\python\PCbuild\x64-temp-Debug\pythoncore\config.obj"
         "E:\shyloo\src\sllib\python\PCbuild\x64-temp-Debug\pythoncore\dl_nt.obj"
         "E:\shyloo\src\sllib\python\PCbuild\x64-temp-Debug\pythoncore\getpathp.obj"
         "E:\shyloo\src\sllib\python\PCbuild\x64-temp-Debug\pythoncore\msvcrtmodule.obj"
         "E:\shyloo\src\sllib\python\PCbuild\x64-temp-Debug\pythoncore\pyhash.obj"
         "E:\shyloo\src\sllib\python\PCbuild\x64-temp-Debug\pythoncore\random.obj"
         "E:\shyloo\src\sllib\python\PCbuild\x64-temp-Debug\pythoncore\_warnings.obj"
         "E:\shyloo\src\sllib\python\PCbuild\x64-temp-Debug\pythoncore\asdl.obj"
         "E:\shyloo\src\sllib\python\PCbuild\x64-temp-Debug\pythoncore\ast.obj"
         "E:\shyloo\src\sllib\python\PCbuild\x64-temp-Debug\pythoncore\bltinmodule.obj"
         "E:\shyloo\src\sllib\python\PCbuild\x64-temp-Debug\pythoncore\ceval.obj"
         "E:\shyloo\src\sllib\python\PCbuild\x64-temp-Debug\pythoncore\codecs.obj"
         "E:\shyloo\src\sllib\python\PCbuild\x64-temp-Debug\pythoncore\compile.obj"
         "E:\shyloo\src\sllib\python\PCbuild\x64-temp-Debug\pythoncore\dynamic_annotations.obj"
         "E:\shyloo\src\sllib\python\PCbuild\x64-temp-Debug\pythoncore\dynload_win.obj"
         "E:\shyloo\src\sllib\python\PCbuild\x64-temp-Debug\pythoncore\errors.obj"
         "E:\shyloo\src\sllib\python\PCbuild\x64-temp-Debug\pythoncore\fileutils.obj"
         "E:\shyloo\src\sllib\python\PCbuild\x64-temp-Debug\pythoncore\formatter_unicode.obj"
         "E:\shyloo\src\sllib\python\PCbuild\x64-temp-Debug\pythoncore\frozen.obj"
         "E:\shyloo\src\sllib\python\PCbuild\x64-temp-Debug\pythoncore\future.obj"
         "E:\shyloo\src\sllib\python\PCbuild\x64-temp-Debug\pythoncore\getargs.obj"
         "E:\shyloo\src\sllib\python\PCbuild\x64-temp-Debug\pythoncore\getcompiler.obj"
         "E:\shyloo\src\sllib\python\PCbuild\x64-temp-Debug\pythoncore\getcopyright.obj"
         "E:\shyloo\src\sllib\python\PCbuild\x64-temp-Debug\pythoncore\getopt.obj"
         "E:\shyloo\src\sllib\python\PCbuild\x64-temp-Debug\pythoncore\getplatform.obj"
         "E:\shyloo\src\sllib\python\PCbuild\x64-temp-Debug\pythoncore\getversion.obj"
         "E:\shyloo\src\sllib\python\PCbuild\x64-temp-Debug\pythoncore\graminit.obj"
         "E:\shyloo\src\sllib\python\PCbuild\x64-temp-Debug\pythoncore\import.obj"
         "E:\shyloo\src\sllib\python\PCbuild\x64-temp-Debug\pythoncore\importdl.obj"
         "E:\shyloo\src\sllib\python\PCbuild\x64-temp-Debug\pythoncore\marshal.obj"
         "E:\shyloo\src\sllib\python\PCbuild\x64-temp-Debug\pythoncore\modsupport.obj"
         "E:\shyloo\src\sllib\python\PCbuild\x64-temp-Debug\pythoncore\mysnprintf.obj"
         "E:\shyloo\src\sllib\python\PCbuild\x64-temp-Debug\pythoncore\mystrtoul.obj"
         "E:\shyloo\src\sllib\python\PCbuild\x64-temp-Debug\pythoncore\peephole.obj"
         "E:\shyloo\src\sllib\python\PCbuild\x64-temp-Debug\pythoncore\pyarena.obj"
         "E:\shyloo\src\sllib\python\PCbuild\x64-temp-Debug\pythoncore\pyctype.obj"
         "E:\shyloo\src\sllib\python\PCbuild\x64-temp-Debug\pythoncore\pyfpe.obj"
         "E:\shyloo\src\sllib\python\PCbuild\x64-temp-Debug\pythoncore\pymath.obj"
         "E:\shyloo\src\sllib\python\PCbuild\x64-temp-Debug\pythoncore\pytime.obj"
         "E:\shyloo\src\sllib\python\PCbuild\x64-temp-Debug\pythoncore\pystate.obj"
         "E:\shyloo\src\sllib\python\PCbuild\x64-temp-Debug\pythoncore\pystrcmp.obj"
         "E:\shyloo\src\sllib\python\PCbuild\x64-temp-Debug\pythoncore\pystrtod.obj"
         "E:\shyloo\src\sllib\python\PCbuild\x64-temp-Debug\pythoncore\dtoa.obj"
         "E:\shyloo\src\sllib\python\PCbuild\x64-temp-Debug\pythoncore\Python-ast.obj"
         "E:\shyloo\src\sllib\python\PCbuild\x64-temp-Debug\pythoncore\pythonrun.obj"
         "E:\shyloo\src\sllib\python\PCbuild\x64-temp-Debug\pythoncore\structmember.obj"
         "E:\shyloo\src\sllib\python\PCbuild\x64-temp-Debug\pythoncore\symtable.obj"
         "E:\shyloo\src\sllib\python\PCbuild\x64-temp-Debug\pythoncore\sysmodule.obj"
         "E:\shyloo\src\sllib\python\PCbuild\x64-temp-Debug\pythoncore\thread.obj"
         "E:\shyloo\src\sllib\python\PCbuild\x64-temp-Debug\pythoncore\traceback.obj"
            正在创建库 E:\shyloo\src\sllib\python\PCbuild\amd64\python34_d.lib 和对象 E:\shyloo\src\sllib\python\PCbuild\amd64\python34_d.exp
         pythoncore.vcxproj -> E:\shyloo\src\sllib\python\PCbuild\amd64\python34_d.dll
     1>已完成生成项目“E:\shyloo\src\sllib\python\PCbuild\pythoncore.vcxproj”(Build 个目标)的操作。

生成成功。

已用时间 00:00:27.91
