e:\shyloo\src\sllib\python\pcbuild\win32-temp-debug\_ctypes\vc120.pdb
e:\shyloo\src\sllib\python\pcbuild\win32-temp-debug\_ctypes\win32.obj
e:\shyloo\src\sllib\python\pcbuild\win32-temp-debug\_ctypes\stgdict.obj
e:\shyloo\src\sllib\python\pcbuild\win32-temp-debug\_ctypes\prep_cif.obj
e:\shyloo\src\sllib\python\pcbuild\win32-temp-debug\_ctypes\malloc_closure.obj
e:\shyloo\src\sllib\python\pcbuild\win32-temp-debug\_ctypes\ffi.obj
e:\shyloo\src\sllib\python\pcbuild\win32-temp-debug\_ctypes\cfield.obj
e:\shyloo\src\sllib\python\pcbuild\win32-temp-debug\_ctypes\callproc.obj
e:\shyloo\src\sllib\python\pcbuild\win32-temp-debug\_ctypes\callbacks.obj
e:\shyloo\src\sllib\python\pcbuild\win32-temp-debug\_ctypes\_ctypes.obj
e:\shyloo\src\sllib\python\pcbuild\_ctypes_d.pyd
e:\shyloo\src\sllib\python\pcbuild\_ctypes_d.pdb
e:\shyloo\src\sllib\python\pcbuild\_ctypes_d.lib
e:\shyloo\src\sllib\python\pcbuild\_ctypes_d.exp
e:\shyloo\src\sllib\python\pcbuild\win32-temp-debug\_ctypes\_ctypes.tlog\cl.command.1.tlog
e:\shyloo\src\sllib\python\pcbuild\win32-temp-debug\_ctypes\_ctypes.tlog\cl.read.1.tlog
e:\shyloo\src\sllib\python\pcbuild\win32-temp-debug\_ctypes\_ctypes.tlog\cl.write.1.tlog
e:\shyloo\src\sllib\python\pcbuild\win32-temp-debug\_ctypes\_ctypes.tlog\link.command.1.tlog
e:\shyloo\src\sllib\python\pcbuild\win32-temp-debug\_ctypes\_ctypes.tlog\link.read.1.tlog
e:\shyloo\src\sllib\python\pcbuild\win32-temp-debug\_ctypes\_ctypes.tlog\link.write.1.tlog
e:\shyloo\src\sllib\python\pcbuild\win32-temp-debug\_ctypes\_ctypes.tlog\_ctypes.write.1u.tlog
