e:\shyloo\src\sllib\python\pcbuild\win32-temp-debug\_bz2\vc120.pdb
e:\shyloo\src\sllib\python\pcbuild\win32-temp-debug\_bz2\randtable.obj
e:\shyloo\src\sllib\python\pcbuild\win32-temp-debug\_bz2\huffman.obj
e:\shyloo\src\sllib\python\pcbuild\win32-temp-debug\_bz2\decompress.obj
e:\shyloo\src\sllib\python\pcbuild\win32-temp-debug\_bz2\crctable.obj
e:\shyloo\src\sllib\python\pcbuild\win32-temp-debug\_bz2\compress.obj
e:\shyloo\src\sllib\python\pcbuild\win32-temp-debug\_bz2\bzlib.obj
e:\shyloo\src\sllib\python\pcbuild\win32-temp-debug\_bz2\blocksort.obj
e:\shyloo\src\sllib\python\pcbuild\win32-temp-debug\_bz2\_bz2module.obj
e:\shyloo\src\sllib\python\pcbuild\_bz2_d.pyd
e:\shyloo\src\sllib\python\pcbuild\_bz2_d.pdb
e:\shyloo\src\sllib\python\pcbuild\_bz2_d.lib
e:\shyloo\src\sllib\python\pcbuild\_bz2_d.exp
e:\shyloo\src\sllib\python\pcbuild\win32-temp-debug\_bz2\_bz2.tlog\cl.command.1.tlog
e:\shyloo\src\sllib\python\pcbuild\win32-temp-debug\_bz2\_bz2.tlog\cl.read.1.tlog
e:\shyloo\src\sllib\python\pcbuild\win32-temp-debug\_bz2\_bz2.tlog\cl.write.1.tlog
e:\shyloo\src\sllib\python\pcbuild\win32-temp-debug\_bz2\_bz2.tlog\link.command.1.tlog
e:\shyloo\src\sllib\python\pcbuild\win32-temp-debug\_bz2\_bz2.tlog\link.read.1.tlog
e:\shyloo\src\sllib\python\pcbuild\win32-temp-debug\_bz2\_bz2.tlog\link.write.1.tlog
e:\shyloo\src\sllib\python\pcbuild\win32-temp-debug\_bz2\_bz2.tlog\_bz2.write.1u.tlog
