生成启动时间为 2017/11/28 13:27:08。
     1>项目“E:\shyloo\src\sllib\python\PCbuild\python3dll.vcxproj”在节点 2 上(Build 个目标)。
     1>Build:
         cd E:\shyloo\src\sllib\python\PCbuild\\..\PC
         nmake /f python3.mak MACHINE=x64 OutDir=E:\shyloo\src\sllib\python\PCbuild\x64-pgo\
         
         Microsoft (R) 程序维护实用工具 12.00.21005.1 版
         版权所有 (C) Microsoft Corporation。  保留所有权利。
         
         	lib /def:python34stub.def /out:E:\shyloo\src\sllib\python\PCbuild\x64-pgo\python34stub.lib /MACHINE:x64
         Microsoft (R) Library Manager Version 12.00.21005.1
         Copyright (C) Microsoft Corporation.  All rights reserved.
         
            正在创建库 E:\shyloo\src\sllib\python\PCbuild\x64-pgo\python34stub.lib 和对象 E:\shyloo\src\sllib\python\PCbuild\x64-pgo\python34stub.exp
         	cl /LD /FeE:\shyloo\src\sllib\python\PCbuild\x64-pgo\python3.dll python3dll.c python3.def E:\shyloo\src\sllib\python\PCbuild\x64-pgo\python34stub.lib
         用于 x64 的 Microsoft (R) C/C++ 优化编译器 18.00.21005.1 版
         版权所有(C) Microsoft Corporation。  保留所有权利。
         
         python3dll.c
         Microsoft (R) Incremental Linker Version 12.00.21005.1
         Copyright (C) Microsoft Corporation.  All rights reserved.
         
         /dll 
         /implib:E:\shyloo\src\sllib\python\PCbuild\x64-pgo\python3.lib 
         /out:E:\shyloo\src\sllib\python\PCbuild\x64-pgo\python3.dll 
         /def:python3.def 
         python3dll.obj 
         E:\shyloo\src\sllib\python\PCbuild\x64-pgo\python34stub.lib 
            正在创建库 E:\shyloo\src\sllib\python\PCbuild\x64-pgo\python3.lib 和对象 E:\shyloo\src\sllib\python\PCbuild\x64-pgo\python3.exp
     1>已完成生成项目“E:\shyloo\src\sllib\python\PCbuild\python3dll.vcxproj”(Build 个目标)的操作。

生成成功。

已用时间 00:00:01.36
