[2016-01-02 08:48:18.340566][trace]init epoll ok, epoll = 3
[2016-01-02 08:48:18.346996][trace]load so app()
[2016-01-02 08:48:18.350845][warn]dlsym CreateSoApp, (null)
[2016-01-02 10:23:08.990333][info]AT EXIT
[2016-01-02 10:23:09.002722][trace]del 4 from epoll
[2016-01-02 10:23:09.005657][warn]epoll_ctl(del) failed: 22, epoll = 0, socket = 4
[2016-01-02 11:20:45.314172][info]AT EXIT
[2016-01-02 11:20:45.330331][trace]del 4 from epoll
[2016-01-02 11:20:45.349757][warn]epoll_ctl(del) failed: 22, epoll = 0, socket = 4
[2016-01-03 12:10:49.418828][trace]register cmd id(1027), class(CCmdHeartbeat)!
[2016-01-03 12:10:49.424541][info]CmdID = 1027, cmd size = 244, mgr index = -1
[2016-01-03 12:24:22.317204][trace]register cmd id(1027), class(CCmdHeartbeat)!
[2016-01-03 12:24:22.322451][info]CmdID = 1027, cmd size = 244, mgr index = -1
[2016-01-03 12:35:57.752527][trace]register cmd id(1027), class(CCmdHeartbeat)!
[2016-01-03 12:35:57.759031][info]CmdID = 1027, cmd size = 244, mgr index = -1
[2016-01-03 13:20:23.979746][trace]register cmd id(1027), class(CCmdHeartbeat)!
[2016-01-03 13:20:23.991910][info]CmdID = 1027, cmd size = 244, mgr index = -1
[2016-01-03 13:20:58.469702][trace]register cmd id(1027), class(CCmdHeartbeat)!
[2016-01-03 13:20:58.480976][info]CmdID = 1027, cmd size = 244, mgr index = -1
[2016-01-03 13:41:55.428245][trace]register cmd id(1027), class(CCmdHeartbeat)!
[2016-01-03 13:41:55.438279][info]CmdID = 1027, cmd size = 244, mgr index = -1
[2016-01-03 13:46:06.121540][trace]register cmd id(1027), class(CCmdHeartbeat)!
[2016-01-03 13:46:06.128973][info]CmdID = 1027, cmd size = 244, mgr index = -1
[2016-01-03 13:48:05.712835][trace]register cmd id(1027), class(CCmdHeartbeat)!
[2016-01-03 13:48:05.721597][info]CmdID = 1027, cmd size = 244, mgr index = -1
[2016-01-03 13:50:16.269239][trace]register cmd id(1027), class(CCmdHeartbeat)!
[2016-01-03 13:50:16.276215][info]CmdID = 1027, cmd size = 244, mgr index = -1
[2016-01-03 13:54:39.409940][trace]register cmd id(1027), class(CCmdHeartbeat)!
[2016-01-03 13:54:39.419681][info]CmdID = 1027, cmd size = 244, mgr index = -1
[2016-01-03 14:25:39.961964][trace]register cmd id(1027), class(CCmdHeartbeat)!
[2016-01-03 14:25:39.972673][info]CmdID = 1027, cmd size = 244, mgr index = -1
[2016-01-03 14:26:49.563530][trace]register cmd id(1027), class(CCmdHeartbeat)!
[2016-01-03 14:26:49.569388][info]CmdID = 1027, cmd size = 244, mgr index = -1
[2016-01-03 14:29:16.249483][trace]register cmd id(1027), class(CCmdHeartbeat)!
[2016-01-03 14:29:16.255518][info]CmdID = 1027, cmd size = 244, mgr index = -1
[2016-01-03 15:02:14.216769][trace]register cmd id(1027), class(CCmdHeartbeat)!
[2016-01-03 15:02:14.221697][info]CmdID = 1027, cmd size = 244, mgr index = -1
