[2016-01-02 16:28:40.313390][2499][info]Init NetShm Key = /tmp/enp.key (appctrl.cpp:365)
[2016-01-02 16:28:40.319003][2499][trace]init epoll ok, epoll = 3 (../sllib/net/slepoll.h:117)
[2016-01-02 16:28:40.324726][2499][info]FtoK(/tmp/enp.key) key=0x53000009(1392508937) (../sllib/ipc/slshm.h:189)
[2016-01-02 16:28:40.329206][2499][trace]attach shm ok, id = 65536 (../sllib/ipc/slshm.h:156)
[2016-01-02 16:28:40.333411][2499][info]create shmqueue's shm at 0xb739d000 ok, key=/tmp/enp.key size=3554432 (../sllib/slshm_queue.h:79)
[2016-01-02 16:28:40.338112][2499][trace]appctrl init OnInitConfig (appctrl.cpp:95)
[2016-01-02 16:28:40.343557][2499][info]alloc buff(cmd factory) node name (cmd factory) (../sllib/ipc/slshm_buff.h:50)
[2016-01-02 16:28:40.348330][2499][info]buff(cmd factory) size(3584) register into shm size count(3584) (../sllib/ipc/slshm_buff.h:169)
[2016-01-02 16:28:40.352700][2499][trace]appctrl init InitAppBuffer (appctrl.cpp:100)
[2016-01-02 16:28:40.360956][2499][info]FtoK(key/appsvr.key) key=0x531403e7(1393820647) (../sllib/ipc/slshm.h:189)
[2016-01-02 16:28:40.365188][2499][trace]attach shm ok, id = 131075 (../sllib/ipc/slshm.h:156)
[2016-01-02 16:28:40.369250][2499][info]init cmd factory, config=(2,10)(4,10)(6,10)(8,10)(10,10)(12,10)(14,10) (appctrl.cpp:345)
[2016-01-02 16:28:40.373915][2499][info]alloc shm Buff(cmd factory) at addr(0xb7339000) size(3584) (../sllib/ipc/slshm_buff.h:121)
[2016-01-02 16:28:40.377609][2499][trace]appctrl init CreateBuff (appctrl.cpp:108)
[2016-01-02 16:28:59.765551][2499][trace]one net event(1), data path Key(1) (appctrl.cpp:351)
[2016-01-02 16:28:59.766954][2499][trace]user(0) offline, liveflag = 0, handle = 2! (appctrl.cpp:224)
[2016-01-02 16:28:59.768430][2499][warn]no login nethead(handleseq=1) ask for offline! (appctrl.cpp:390)
[2016-01-02 16:28:59.785521][2499][trace]one net event(1), data path Key(1) (appctrl.cpp:351)
[2016-01-02 16:28:59.787030][2499][trace]user(0) offline, liveflag = 0, handle = 2! (appctrl.cpp:224)
[2016-01-02 16:28:59.788696][2499][warn]no login nethead(handleseq=2) ask for offline! (appctrl.cpp:390)
[2016-01-02 16:28:59.801102][2499][trace]one net event(1), data path Key(1) (appctrl.cpp:351)
[2016-01-02 16:28:59.802413][2499][trace]user(0) offline, liveflag = 0, handle = 2! (appctrl.cpp:224)
[2016-01-02 16:28:59.804847][2499][warn]no login nethead(handleseq=3) ask for offline! (appctrl.cpp:390)
[2016-01-02 16:28:59.816852][2499][trace]one net event(1), data path Key(1) (appctrl.cpp:351)
[2016-01-02 16:28:59.818192][2499][trace]user(0) offline, liveflag = 0, handle = 2! (appctrl.cpp:224)
[2016-01-02 16:28:59.819759][2499][warn]no login nethead(handleseq=4) ask for offline! (appctrl.cpp:390)
[2016-01-02 16:28:59.831272][2499][trace]one net event(1), data path Key(1) (appctrl.cpp:351)
[2016-01-02 16:28:59.832739][2499][trace]user(0) offline, liveflag = 0, handle = 2! (appctrl.cpp:224)
[2016-01-02 16:28:59.834240][2499][warn]no login nethead(handleseq=5) ask for offline! (appctrl.cpp:390)
[2016-01-02 16:29:02.656650][2499][trace]one net event(1), data path Key(1) (appctrl.cpp:351)
[2016-01-02 16:29:02.661106][2499][trace]get commend from user(0), cmd id = (0) (appctrl.cpp:254)
[2016-01-02 16:29:02.669999][2499][warn]create cmd(0) fails (appctrl.cpp:268)
[2016-01-02 16:29:02.704756][2499][trace]one net event(1), data path Key(1) (appctrl.cpp:351)
[2016-01-02 16:29:02.709185][2499][trace]CodeConvert iRet = -1! (appctrl.cpp:240)
[2016-01-02 16:29:02.746338][2499][trace]one net event(1), data path Key(1) (appctrl.cpp:351)
[2016-01-02 16:29:02.751021][2499][trace]CodeConvert iRet = -1! (appctrl.cpp:240)
[2016-01-02 16:29:02.791771][2499][trace]one net event(1), data path Key(1) (appctrl.cpp:351)
[2016-01-02 16:29:02.796455][2499][trace]CodeConvert iRet = -1! (appctrl.cpp:240)
[2016-01-02 16:29:02.821871][2499][trace]one net event(1), data path Key(1) (appctrl.cpp:351)
[2016-01-02 16:29:02.827016][2499][trace]CodeConvert iRet = -1! (appctrl.cpp:240)
