[2016-01-02 16:29:39.006082]RecvMessage: Count=10 Max=1 Min=1 Avg=1 All=10 Zero=0
[2016-01-02 16:29:39.010694]SendMessage: Count=0 Max=0 Min=0 Avg=0 All=0 Zero=0
[2016-01-02 16:29:39.014813]Accept: Count=0 Max=0 Min=0 Avg=0 All=0 Zero=0
[2016-01-02 16:29:39.019700]IdleClose: Count=0 Max=0 Min=0 Avg=0 All=0 Zero=0
[2016-01-02 16:29:39.024207]MainLoop: Count=5625 Max=1 Min=1 Avg=1 All=5625 Zero=0
[2016-01-02 16:29:39.028192]WaitTimeout: Count=0 Max=0 Min=0 Avg=0 All=0 Zero=0
[2016-01-02 16:29:39.032633]Check: Count=0 Max=0 Min=0 Avg=0 All=0 Zero=0
[2016-01-02 16:29:39.036635]TooMoreMsg: Count=0 Max=0 Min=0 Avg=0 All=0 Zero=0
[2016-01-02 16:29:39.041658]WriteBackCount: Count=0 Max=0 Min=0 Avg=0 All=0 Zero=0
[2016-01-02 16:29:39.045664]WriteBackUsers: Count=0 Max=0 Min=0 Avg=0 All=0 Zero=0
[2016-01-02 16:30:39.009310]RecvMessage: Count=0 Max=0 Min=0 Avg=0 All=0 Zero=0
[2016-01-02 16:30:39.014108]SendMessage: Count=0 Max=0 Min=0 Avg=0 All=0 Zero=0
[2016-01-02 16:30:39.018715]Accept: Count=0 Max=0 Min=0 Avg=0 All=0 Zero=0
[2016-01-02 16:30:39.024144]IdleClose: Count=0 Max=0 Min=0 Avg=0 All=0 Zero=0
[2016-01-02 16:30:39.028276]MainLoop: Count=5778 Max=1 Min=1 Avg=1 All=5778 Zero=0
[2016-01-02 16:30:39.032489]WaitTimeout: Count=0 Max=0 Min=0 Avg=0 All=0 Zero=0
[2016-01-02 16:30:39.037109]Check: Count=0 Max=0 Min=0 Avg=0 All=0 Zero=0
[2016-01-02 16:30:39.041622]TooMoreMsg: Count=0 Max=0 Min=0 Avg=0 All=0 Zero=0
[2016-01-02 16:30:39.045740]WriteBackCount: Count=0 Max=0 Min=0 Avg=0 All=0 Zero=0
[2016-01-02 16:30:39.050236]WriteBackUsers: Count=0 Max=0 Min=0 Avg=0 All=0 Zero=0
[2016-01-02 16:31:39.009596]RecvMessage: Count=0 Max=0 Min=0 Avg=0 All=0 Zero=0
[2016-01-02 16:31:39.014813]SendMessage: Count=0 Max=0 Min=0 Avg=0 All=0 Zero=0
[2016-01-02 16:31:39.019328]Accept: Count=0 Max=0 Min=0 Avg=0 All=0 Zero=0
[2016-01-02 16:31:39.023843]IdleClose: Count=0 Max=0 Min=0 Avg=0 All=0 Zero=0
[2016-01-02 16:31:39.027940]MainLoop: Count=5709 Max=1 Min=1 Avg=1 All=5709 Zero=0
[2016-01-02 16:31:39.033091]WaitTimeout: Count=0 Max=0 Min=0 Avg=0 All=0 Zero=0
[2016-01-02 16:31:39.037561]Check: Count=0 Max=0 Min=0 Avg=0 All=0 Zero=0
[2016-01-02 16:31:39.042044]TooMoreMsg: Count=0 Max=0 Min=0 Avg=0 All=0 Zero=0
[2016-01-02 16:31:39.046233]WriteBackCount: Count=0 Max=0 Min=0 Avg=0 All=0 Zero=0
[2016-01-02 16:31:39.050757]WriteBackUsers: Count=0 Max=0 Min=0 Avg=0 All=0 Zero=0
[2016-01-02 16:32:39.007263]RecvMessage: Count=0 Max=0 Min=0 Avg=0 All=0 Zero=0
[2016-01-02 16:32:39.011235]SendMessage: Count=0 Max=0 Min=0 Avg=0 All=0 Zero=0
[2016-01-02 16:32:39.014798]Accept: Count=0 Max=0 Min=0 Avg=0 All=0 Zero=0
[2016-01-02 16:32:39.019526]IdleClose: Count=0 Max=0 Min=0 Avg=0 All=0 Zero=0
[2016-01-02 16:32:39.023379]MainLoop: Count=5762 Max=1 Min=1 Avg=1 All=5762 Zero=0
[2016-01-02 16:32:39.027201]WaitTimeout: Count=0 Max=0 Min=0 Avg=0 All=0 Zero=0
[2016-01-02 16:32:39.031977]Check: Count=0 Max=0 Min=0 Avg=0 All=0 Zero=0
[2016-01-02 16:32:39.036192]TooMoreMsg: Count=0 Max=0 Min=0 Avg=0 All=0 Zero=0
[2016-01-02 16:32:39.040411]WriteBackCount: Count=0 Max=0 Min=0 Avg=0 All=0 Zero=0
[2016-01-02 16:32:39.044989]WriteBackUsers: Count=0 Max=0 Min=0 Avg=0 All=0 Zero=0
[2016-01-02 16:33:39.001385]RecvMessage: Count=0 Max=0 Min=0 Avg=0 All=0 Zero=0
[2016-01-02 16:33:39.006731]SendMessage: Count=0 Max=0 Min=0 Avg=0 All=0 Zero=0
[2016-01-02 16:33:39.011978]Accept: Count=0 Max=0 Min=0 Avg=0 All=0 Zero=0
[2016-01-02 16:33:39.016368]IdleClose: Count=0 Max=0 Min=0 Avg=0 All=0 Zero=0
[2016-01-02 16:33:39.020370]MainLoop: Count=5751 Max=1 Min=1 Avg=1 All=5751 Zero=0
[2016-01-02 16:33:39.025945]WaitTimeout: Count=0 Max=0 Min=0 Avg=0 All=0 Zero=0
[2016-01-02 16:33:39.030062]Check: Count=0 Max=0 Min=0 Avg=0 All=0 Zero=0
[2016-01-02 16:33:39.034612]TooMoreMsg: Count=0 Max=0 Min=0 Avg=0 All=0 Zero=0
[2016-01-02 16:33:39.039715]WriteBackCount: Count=0 Max=0 Min=0 Avg=0 All=0 Zero=0
[2016-01-02 16:33:39.043976]WriteBackUsers: Count=0 Max=0 Min=0 Avg=0 All=0 Zero=0
