e:\shyloo\src\sllib\python\pcbuild\win32-temp-debug\_sqlite3\vc120.pdb
e:\shyloo\src\sllib\python\pcbuild\win32-temp-debug\_sqlite3\util.obj
e:\shyloo\src\sllib\python\pcbuild\win32-temp-debug\_sqlite3\statement.obj
e:\shyloo\src\sllib\python\pcbuild\win32-temp-debug\_sqlite3\row.obj
e:\shyloo\src\sllib\python\pcbuild\win32-temp-debug\_sqlite3\module.obj
e:\shyloo\src\sllib\python\pcbuild\win32-temp-debug\_sqlite3\microprotocols.obj
e:\shyloo\src\sllib\python\pcbuild\win32-temp-debug\_sqlite3\cursor.obj
e:\shyloo\src\sllib\python\pcbuild\win32-temp-debug\_sqlite3\connection.obj
e:\shyloo\src\sllib\python\pcbuild\win32-temp-debug\_sqlite3\prepare_protocol.obj
e:\shyloo\src\sllib\python\pcbuild\win32-temp-debug\_sqlite3\cache.obj
e:\shyloo\src\sllib\python\pcbuild\_sqlite3_d.pyd
e:\shyloo\src\sllib\python\pcbuild\_sqlite3_d.pdb
e:\shyloo\src\sllib\python\pcbuild\_sqlite3_d.lib
e:\shyloo\src\sllib\python\pcbuild\_sqlite3_d.exp
e:\shyloo\src\sllib\python\pcbuild\win32-temp-debug\_sqlite3\_sqlite3.tlog\cl.command.1.tlog
e:\shyloo\src\sllib\python\pcbuild\win32-temp-debug\_sqlite3\_sqlite3.tlog\cl.read.1.tlog
e:\shyloo\src\sllib\python\pcbuild\win32-temp-debug\_sqlite3\_sqlite3.tlog\cl.write.1.tlog
e:\shyloo\src\sllib\python\pcbuild\win32-temp-debug\_sqlite3\_sqlite3.tlog\link.command.1.tlog
e:\shyloo\src\sllib\python\pcbuild\win32-temp-debug\_sqlite3\_sqlite3.tlog\link.read.1.tlog
e:\shyloo\src\sllib\python\pcbuild\win32-temp-debug\_sqlite3\_sqlite3.tlog\link.write.1.tlog
e:\shyloo\src\sllib\python\pcbuild\win32-temp-debug\_sqlite3\_sqlite3.tlog\_sqlite3.write.1u.tlog
